{"E:\\server_ship\\blockchainCore\\apps\\gateway-nodejs\\src\\middleware\\auth.js": {"path":"E:\\server_ship\\blockchainCore\\apps\\gateway-nodejs\\src\\middleware\\auth.js","statementMap":{"0":{"start":{"line":6,"column":21},"end":{"line":6,"column":53}},"1":{"start":{"line":7,"column":15},"end":{"line":7,"column":41}},"2":{"start":{"line":12,"column":20},"end":{"line":17,"column":1}},"3":{"start":{"line":23,"column":20},"end":{"line":89,"column":1}},"4":{"start":{"line":24,"column":2},"end":{"line":88,"column":3}},"5":{"start":{"line":26,"column":23},"end":{"line":26,"column":53}},"6":{"start":{"line":28,"column":4},"end":{"line":33,"column":5}},"7":{"start":{"line":29,"column":6},"end":{"line":32,"column":9}},"8":{"start":{"line":36,"column":26},"end":{"line":36,"column":47}},"9":{"start":{"line":38,"column":4},"end":{"line":43,"column":5}},"10":{"start":{"line":39,"column":6},"end":{"line":42,"column":9}},"11":{"start":{"line":46,"column":18},"end":{"line":46,"column":48}},"12":{"start":{"line":47,"column":4},"end":{"line":52,"column":5}},"13":{"start":{"line":48,"column":6},"end":{"line":51,"column":9}},"14":{"start":{"line":55,"column":21},"end":{"line":55,"column":58}},"15":{"start":{"line":56,"column":4},"end":{"line":61,"column":5}},"16":{"start":{"line":57,"column":6},"end":{"line":60,"column":9}},"17":{"start":{"line":64,"column":4},"end":{"line":69,"column":5}},"18":{"start":{"line":65,"column":6},"end":{"line":68,"column":9}},"19":{"start":{"line":72,"column":4},"end":{"line":77,"column":6}},"20":{"start":{"line":79,"column":4},"end":{"line":79,"column":55}},"21":{"start":{"line":80,"column":4},"end":{"line":80,"column":11}},"22":{"start":{"line":82,"column":4},"end":{"line":82,"column":49}},"23":{"start":{"line":83,"column":4},"end":{"line":87,"column":7}},"24":{"start":{"line":95,"column":19},"end":{"line":114,"column":1}},"25":{"start":{"line":96,"column":2},"end":{"line":113,"column":4}},"26":{"start":{"line":97,"column":4},"end":{"line":102,"column":5}},"27":{"start":{"line":98,"column":6},"end":{"line":101,"column":9}},"28":{"start":{"line":104,"column":4},"end":{"line":110,"column":5}},"29":{"start":{"line":105,"column":6},"end":{"line":109,"column":9}},"30":{"start":{"line":112,"column":4},"end":{"line":112,"column":11}},"31":{"start":{"line":120,"column":19},"end":{"line":139,"column":1}},"32":{"start":{"line":121,"column":2},"end":{"line":138,"column":4}},"33":{"start":{"line":122,"column":4},"end":{"line":127,"column":5}},"34":{"start":{"line":123,"column":6},"end":{"line":126,"column":9}},"35":{"start":{"line":129,"column":4},"end":{"line":135,"column":5}},"36":{"start":{"line":130,"column":6},"end":{"line":134,"column":9}},"37":{"start":{"line":137,"column":4},"end":{"line":137,"column":11}},"38":{"start":{"line":144,"column":33},"end":{"line":146,"column":1}},"39":{"start":{"line":145,"column":2},"end":{"line":145,"column":48}},"40":{"start":{"line":148,"column":0},"end":{"line":154,"column":2}}},"fnMap":{"0":{"name":"(anonymous_0)","decl":{"start":{"line":23,"column":20},"end":{"line":23,"column":21}},"loc":{"start":{"line":23,"column":46},"end":{"line":89,"column":1}},"line":23},"1":{"name":"(anonymous_1)","decl":{"start":{"line":95,"column":19},"end":{"line":95,"column":20}},"loc":{"start":{"line":95,"column":36},"end":{"line":114,"column":1}},"line":95},"2":{"name":"(anonymous_2)","decl":{"start":{"line":96,"column":9},"end":{"line":96,"column":10}},"loc":{"start":{"line":96,"column":29},"end":{"line":113,"column":3}},"line":96},"3":{"name":"(anonymous_3)","decl":{"start":{"line":120,"column":19},"end":{"line":120,"column":20}},"loc":{"start":{"line":120,"column":36},"end":{"line":139,"column":1}},"line":120},"4":{"name":"(anonymous_4)","decl":{"start":{"line":121,"column":9},"end":{"line":121,"column":10}},"loc":{"start":{"line":121,"column":29},"end":{"line":138,"column":3}},"line":121},"5":{"name":"(anonymous_5)","decl":{"start":{"line":144,"column":33},"end":{"line":144,"column":34}},"loc":{"start":{"line":144,"column":42},"end":{"line":146,"column":1}},"line":144}},"branchMap":{"0":{"loc":{"start":{"line":28,"column":4},"end":{"line":33,"column":5}},"type":"if","locations":[{"start":{"line":28,"column":4},"end":{"line":33,"column":5}},{"start":{},"end":{}}],"line":28},"1":{"loc":{"start":{"line":38,"column":4},"end":{"line":43,"column":5}},"type":"if","locations":[{"start":{"line":38,"column":4},"end":{"line":43,"column":5}},{"start":{},"end":{}}],"line":38},"2":{"loc":{"start":{"line":38,"column":8},"end":{"line":38,"column":23}},"type":"binary-expr","locations":[{"start":{"line":38,"column":8},"end":{"line":38,"column":12}},{"start":{"line":38,"column":16},"end":{"line":38,"column":23}}],"line":38},"3":{"loc":{"start":{"line":47,"column":4},"end":{"line":52,"column":5}},"type":"if","locations":[{"start":{"line":47,"column":4},"end":{"line":52,"column":5}},{"start":{},"end":{}}],"line":47},"4":{"loc":{"start":{"line":56,"column":4},"end":{"line":61,"column":5}},"type":"if","locations":[{"start":{"line":56,"column":4},"end":{"line":61,"column":5}},{"start":{},"end":{}}],"line":56},"5":{"loc":{"start":{"line":64,"column":4},"end":{"line":69,"column":5}},"type":"if","locations":[{"start":{"line":64,"column":4},"end":{"line":69,"column":5}},{"start":{},"end":{}}],"line":64},"6":{"loc":{"start":{"line":97,"column":4},"end":{"line":102,"column":5}},"type":"if","locations":[{"start":{"line":97,"column":4},"end":{"line":102,"column":5}},{"start":{},"end":{}}],"line":97},"7":{"loc":{"start":{"line":104,"column":4},"end":{"line":110,"column":5}},"type":"if","locations":[{"start":{"line":104,"column":4},"end":{"line":110,"column":5}},{"start":{},"end":{}}],"line":104},"8":{"loc":{"start":{"line":122,"column":4},"end":{"line":127,"column":5}},"type":"if","locations":[{"start":{"line":122,"column":4},"end":{"line":127,"column":5}},{"start":{},"end":{}}],"line":122},"9":{"loc":{"start":{"line":129,"column":4},"end":{"line":135,"column":5}},"type":"if","locations":[{"start":{"line":129,"column":4},"end":{"line":135,"column":5}},{"start":{},"end":{}}],"line":129},"10":{"loc":{"start":{"line":145,"column":9},"end":{"line":145,"column":47}},"type":"cond-expr","locations":[{"start":{"line":145,"column":20},"end":{"line":145,"column":35}},{"start":{"line":145,"column":38},"end":{"line":145,"column":47}}],"line":145}},"s":{"0":0,"1":0,"2":0,"3":0,"4":0,"5":0,"6":0,"7":0,"8":0,"9":0,"10":0,"11":0,"12":0,"13":0,"14":0,"15":0,"16":0,"17":0,"18":0,"19":0,"20":0,"21":0,"22":0,"23":0,"24":0,"25":0,"26":0,"27":0,"28":0,"29":0,"30":0,"31":0,"32":0,"33":0,"34":0,"35":0,"36":0,"37":0,"38":0,"39":0,"40":0},"f":{"0":0,"1":0,"2":0,"3":0,"4":0,"5":0},"b":{"0":[0,0],"1":[0,0],"2":[0,0],"3":[0,0],"4":[0,0],"5":[0,0],"6":[0,0],"7":[0,0],"8":[0,0],"9":[0,0],"10":[0,0]}}
,"E:\\server_ship\\blockchainCore\\apps\\gateway-nodejs\\src\\middleware\\errorHandler.js": {"path":"E:\\server_ship\\blockchainCore\\apps\\gateway-nodejs\\src\\middleware\\errorHandler.js","statementMap":{"0":{"start":{"line":1,"column":15},"end":{"line":1,"column":41}},"1":{"start":{"line":3,"column":21},"end":{"line":34,"column":1}},"2":{"start":{"line":4,"column":4},"end":{"line":9,"column":7}},"3":{"start":{"line":12,"column":4},"end":{"line":18,"column":5}},"4":{"start":{"line":13,"column":8},"end":{"line":17,"column":11}},"5":{"start":{"line":20,"column":4},"end":{"line":26,"column":5}},"6":{"start":{"line":21,"column":8},"end":{"line":25,"column":11}},"7":{"start":{"line":29,"column":4},"end":{"line":33,"column":7}},"8":{"start":{"line":36,"column":0},"end":{"line":36,"column":34}}},"fnMap":{"0":{"name":"(anonymous_0)","decl":{"start":{"line":3,"column":21},"end":{"line":3,"column":22}},"loc":{"start":{"line":3,"column":46},"end":{"line":34,"column":1}},"line":3}},"branchMap":{"0":{"loc":{"start":{"line":12,"column":4},"end":{"line":18,"column":5}},"type":"if","locations":[{"start":{"line":12,"column":4},"end":{"line":18,"column":5}},{"start":{},"end":{}}],"line":12},"1":{"loc":{"start":{"line":12,"column":8},"end":{"line":12,"column":73}},"type":"binary-expr","locations":[{"start":{"line":12,"column":8},"end":{"line":12,"column":19}},{"start":{"line":12,"column":23},"end":{"line":12,"column":73}}],"line":12},"2":{"loc":{"start":{"line":20,"column":4},"end":{"line":26,"column":5}},"type":"if","locations":[{"start":{"line":20,"column":4},"end":{"line":26,"column":5}},{"start":{},"end":{}}],"line":20},"3":{"loc":{"start":{"line":20,"column":8},"end":{"line":20,"column":61}},"type":"binary-expr","locations":[{"start":{"line":20,"column":8},"end":{"line":20,"column":19}},{"start":{"line":20,"column":23},"end":{"line":20,"column":61}}],"line":20},"4":{"loc":{"start":{"line":29,"column":15},"end":{"line":29,"column":32}},"type":"binary-expr","locations":[{"start":{"line":29,"column":15},"end":{"line":29,"column":25}},{"start":{"line":29,"column":29},"end":{"line":29,"column":32}}],"line":29},"5":{"loc":{"start":{"line":31,"column":17},"end":{"line":31,"column":55}},"type":"binary-expr","locations":[{"start":{"line":31,"column":17},"end":{"line":31,"column":28}},{"start":{"line":31,"column":32},"end":{"line":31,"column":55}}],"line":31},"6":{"loc":{"start":{"line":32,"column":15},"end":{"line":32,"column":77}},"type":"cond-expr","locations":[{"start":{"line":32,"column":56},"end":{"line":32,"column":65}},{"start":{"line":32,"column":68},"end":{"line":32,"column":77}}],"line":32}},"s":{"0":0,"1":0,"2":0,"3":0,"4":0,"5":0,"6":0,"7":0,"8":0},"f":{"0":0},"b":{"0":[0,0],"1":[0,0],"2":[0,0],"3":[0,0],"4":[0,0],"5":[0,0],"6":[0,0]}}
,"E:\\server_ship\\blockchainCore\\apps\\gateway-nodejs\\src\\middleware\\mspValidation.js": {"path":"E:\\server_ship\\blockchainCore\\apps\\gateway-nodejs\\src\\middleware\\mspValidation.js","statementMap":{"0":{"start":{"line":11,"column":21},"end":{"line":11,"column":53}},"1":{"start":{"line":12,"column":15},"end":{"line":12,"column":41}},"2":{"start":{"line":17,"column":16},"end":{"line":22,"column":1}},"3":{"start":{"line":30,"column":28},"end":{"line":56,"column":1}},"4":{"start":{"line":31,"column":25},"end":{"line":31,"column":55}},"5":{"start":{"line":33,"column":4},"end":{"line":35,"column":5}},"6":{"start":{"line":34,"column":8},"end":{"line":34,"column":58}},"7":{"start":{"line":38,"column":18},"end":{"line":38,"column":41}},"8":{"start":{"line":39,"column":4},"end":{"line":41,"column":5}},"9":{"start":{"line":40,"column":8},"end":{"line":40,"column":82}},"10":{"start":{"line":43,"column":26},"end":{"line":43,"column":31}},"11":{"start":{"line":46,"column":22},"end":{"line":46,"column":42}},"12":{"start":{"line":47,"column":4},"end":{"line":49,"column":5}},"13":{"start":{"line":48,"column":8},"end":{"line":48,"column":88}},"14":{"start":{"line":51,"column":4},"end":{"line":55,"column":6}},"15":{"start":{"line":68,"column":19},"end":{"line":145,"column":1}},"16":{"start":{"line":70,"column":22},"end":{"line":70,"column":78}},"17":{"start":{"line":71,"column":24},"end":{"line":71,"column":72}},"18":{"start":{"line":71,"column":45},"end":{"line":71,"column":71}},"19":{"start":{"line":73,"column":4},"end":{"line":144,"column":6}},"20":{"start":{"line":74,"column":8},"end":{"line":143,"column":9}},"21":{"start":{"line":76,"column":33},"end":{"line":76,"column":57}},"22":{"start":{"line":78,"column":12},"end":{"line":78,"column":113}},"23":{"start":{"line":81,"column":12},"end":{"line":93,"column":13}},"24":{"start":{"line":82,"column":16},"end":{"line":82,"column":120}},"25":{"start":{"line":83,"column":16},"end":{"line":92,"column":19}},"26":{"start":{"line":96,"column":12},"end":{"line":96,"column":44}},"27":{"start":{"line":100,"column":12},"end":{"line":107,"column":13}},"28":{"start":{"line":101,"column":37},"end":{"line":101,"column":81}},"29":{"start":{"line":102,"column":16},"end":{"line":102,"column":57}},"30":{"start":{"line":105,"column":16},"end":{"line":105,"column":114}},"31":{"start":{"line":106,"column":16},"end":{"line":106,"column":54}},"32":{"start":{"line":110,"column":30},"end":{"line":110,"column":64}},"33":{"start":{"line":111,"column":12},"end":{"line":122,"column":13}},"34":{"start":{"line":112,"column":16},"end":{"line":112,"column":109}},"35":{"start":{"line":113,"column":16},"end":{"line":121,"column":19}},"36":{"start":{"line":124,"column":12},"end":{"line":124,"column":69}},"37":{"start":{"line":125,"column":12},"end":{"line":125,"column":19}},"38":{"start":{"line":128,"column":12},"end":{"line":128,"column":59}},"39":{"start":{"line":130,"column":12},"end":{"line":136,"column":13}},"40":{"start":{"line":131,"column":16},"end":{"line":135,"column":19}},"41":{"start":{"line":138,"column":12},"end":{"line":142,"column":15}},"42":{"start":{"line":151,"column":20},"end":{"line":177,"column":1}},"43":{"start":{"line":152,"column":4},"end":{"line":176,"column":5}},"44":{"start":{"line":153,"column":29},"end":{"line":153,"column":53}},"45":{"start":{"line":154,"column":8},"end":{"line":154,"column":40}},"46":{"start":{"line":157,"column":8},"end":{"line":162,"column":9}},"47":{"start":{"line":158,"column":33},"end":{"line":158,"column":77}},"48":{"start":{"line":159,"column":12},"end":{"line":159,"column":53}},"49":{"start":{"line":161,"column":12},"end":{"line":161,"column":50}},"50":{"start":{"line":164,"column":8},"end":{"line":164,"column":72}},"51":{"start":{"line":165,"column":8},"end":{"line":165,"column":15}},"52":{"start":{"line":169,"column":8},"end":{"line":169,"column":79}},"53":{"start":{"line":170,"column":8},"end":{"line":174,"column":9}},"54":{"start":{"line":171,"column":12},"end":{"line":171,"column":50}},"55":{"start":{"line":173,"column":12},"end":{"line":173,"column":80}},"56":{"start":{"line":175,"column":8},"end":{"line":175,"column":15}},"57":{"start":{"line":182,"column":27},"end":{"line":184,"column":1}},"58":{"start":{"line":183,"column":4},"end":{"line":183,"column":36}},"59":{"start":{"line":192,"column":32},"end":{"line":264,"column":1}},"60":{"start":{"line":193,"column":4},"end":{"line":263,"column":5}},"61":{"start":{"line":194,"column":29},"end":{"line":194,"column":53}},"62":{"start":{"line":195,"column":8},"end":{"line":195,"column":40}},"63":{"start":{"line":199,"column":29},"end":{"line":199,"column":73}},"64":{"start":{"line":200,"column":8},"end":{"line":200,"column":49}},"65":{"start":{"line":203,"column":27},"end":{"line":203,"column":40}},"66":{"start":{"line":204,"column":29},"end":{"line":204,"column":78}},"67":{"start":{"line":205,"column":31},"end":{"line":205,"column":77}},"68":{"start":{"line":207,"column":23},"end":{"line":212,"column":9}},"69":{"start":{"line":214,"column":25},"end":{"line":214,"column":54}},"70":{"start":{"line":217,"column":25},"end":{"line":221,"column":9}},"71":{"start":{"line":223,"column":28},"end":{"line":223,"column":52}},"72":{"start":{"line":224,"column":8},"end":{"line":229,"column":9}},"73":{"start":{"line":225,"column":12},"end":{"line":228,"column":15}},"74":{"start":{"line":232,"column":26},"end":{"line":232,"column":60}},"75":{"start":{"line":233,"column":8},"end":{"line":243,"column":9}},"76":{"start":{"line":234,"column":12},"end":{"line":234,"column":112}},"77":{"start":{"line":235,"column":12},"end":{"line":242,"column":15}},"78":{"start":{"line":245,"column":8},"end":{"line":245,"column":73}},"79":{"start":{"line":246,"column":8},"end":{"line":246,"column":15}},"80":{"start":{"line":249,"column":8},"end":{"line":249,"column":73}},"81":{"start":{"line":251,"column":8},"end":{"line":256,"column":9}},"82":{"start":{"line":252,"column":12},"end":{"line":255,"column":15}},"83":{"start":{"line":258,"column":8},"end":{"line":262,"column":11}},"84":{"start":{"line":266,"column":0},"end":{"line":273,"column":2}}},"fnMap":{"0":{"name":"(anonymous_0)","decl":{"start":{"line":30,"column":28},"end":{"line":30,"column":29}},"loc":{"start":{"line":30,"column":37},"end":{"line":56,"column":1}},"line":30},"1":{"name":"(anonymous_1)","decl":{"start":{"line":68,"column":19},"end":{"line":68,"column":20}},"loc":{"start":{"line":68,"column":36},"end":{"line":145,"column":1}},"line":68},"2":{"name":"(anonymous_2)","decl":{"start":{"line":71,"column":38},"end":{"line":71,"column":39}},"loc":{"start":{"line":71,"column":45},"end":{"line":71,"column":71}},"line":71},"3":{"name":"(anonymous_3)","decl":{"start":{"line":73,"column":11},"end":{"line":73,"column":12}},"loc":{"start":{"line":73,"column":37},"end":{"line":144,"column":5}},"line":73},"4":{"name":"(anonymous_4)","decl":{"start":{"line":151,"column":20},"end":{"line":151,"column":21}},"loc":{"start":{"line":151,"column":46},"end":{"line":177,"column":1}},"line":151},"5":{"name":"(anonymous_5)","decl":{"start":{"line":182,"column":27},"end":{"line":182,"column":28}},"loc":{"start":{"line":182,"column":36},"end":{"line":184,"column":1}},"line":182},"6":{"name":"(anonymous_6)","decl":{"start":{"line":192,"column":32},"end":{"line":192,"column":33}},"loc":{"start":{"line":192,"column":58},"end":{"line":264,"column":1}},"line":192}},"branchMap":{"0":{"loc":{"start":{"line":33,"column":4},"end":{"line":35,"column":5}},"type":"if","locations":[{"start":{"line":33,"column":4},"end":{"line":35,"column":5}},{"start":{},"end":{}}],"line":33},"1":{"loc":{"start":{"line":39,"column":4},"end":{"line":41,"column":5}},"type":"if","locations":[{"start":{"line":39,"column":4},"end":{"line":41,"column":5}},{"start":{},"end":{}}],"line":39},"2":{"loc":{"start":{"line":47,"column":4},"end":{"line":49,"column":5}},"type":"if","locations":[{"start":{"line":47,"column":4},"end":{"line":49,"column":5}},{"start":{},"end":{}}],"line":47},"3":{"loc":{"start":{"line":70,"column":22},"end":{"line":70,"column":78}},"type":"cond-expr","locations":[{"start":{"line":70,"column":51},"end":{"line":70,"column":62}},{"start":{"line":70,"column":65},"end":{"line":70,"column":78}}],"line":70},"4":{"loc":{"start":{"line":81,"column":12},"end":{"line":93,"column":13}},"type":"if","locations":[{"start":{"line":81,"column":12},"end":{"line":93,"column":13}},{"start":{},"end":{}}],"line":81},"5":{"loc":{"start":{"line":111,"column":12},"end":{"line":122,"column":13}},"type":"if","locations":[{"start":{"line":111,"column":12},"end":{"line":122,"column":13}},{"start":{},"end":{}}],"line":111},"6":{"loc":{"start":{"line":130,"column":12},"end":{"line":136,"column":13}},"type":"if","locations":[{"start":{"line":130,"column":12},"end":{"line":136,"column":13}},{"start":{},"end":{}}],"line":130},"7":{"loc":{"start":{"line":130,"column":16},"end":{"line":130,"column":86}},"type":"binary-expr","locations":[{"start":{"line":130,"column":16},"end":{"line":130,"column":49}},{"start":{"line":130,"column":53},"end":{"line":130,"column":86}}],"line":130},"8":{"loc":{"start":{"line":183,"column":11},"end":{"line":183,"column":35}},"type":"binary-expr","locations":[{"start":{"line":183,"column":11},"end":{"line":183,"column":27}},{"start":{"line":183,"column":31},"end":{"line":183,"column":35}}],"line":183},"9":{"loc":{"start":{"line":204,"column":29},"end":{"line":204,"column":78}},"type":"binary-expr","locations":[{"start":{"line":204,"column":29},"end":{"line":204,"column":53}},{"start":{"line":204,"column":57},"end":{"line":204,"column":78}}],"line":204},"10":{"loc":{"start":{"line":205,"column":31},"end":{"line":205,"column":77}},"type":"binary-expr","locations":[{"start":{"line":205,"column":31},"end":{"line":205,"column":57}},{"start":{"line":205,"column":61},"end":{"line":205,"column":77}}],"line":205},"11":{"loc":{"start":{"line":224,"column":8},"end":{"line":229,"column":9}},"type":"if","locations":[{"start":{"line":224,"column":8},"end":{"line":229,"column":9}},{"start":{},"end":{}}],"line":224},"12":{"loc":{"start":{"line":233,"column":8},"end":{"line":243,"column":9}},"type":"if","locations":[{"start":{"line":233,"column":8},"end":{"line":243,"column":9}},{"start":{},"end":{}}],"line":233},"13":{"loc":{"start":{"line":251,"column":8},"end":{"line":256,"column":9}},"type":"if","locations":[{"start":{"line":251,"column":8},"end":{"line":256,"column":9}},{"start":{},"end":{}}],"line":251}},"s":{"0":0,"1":0,"2":0,"3":0,"4":0,"5":0,"6":0,"7":0,"8":0,"9":0,"10":0,"11":0,"12":0,"13":0,"14":0,"15":0,"16":0,"17":0,"18":0,"19":0,"20":0,"21":0,"22":0,"23":0,"24":0,"25":0,"26":0,"27":0,"28":0,"29":0,"30":0,"31":0,"32":0,"33":0,"34":0,"35":0,"36":0,"37":0,"38":0,"39":0,"40":0,"41":0,"42":0,"43":0,"44":0,"45":0,"46":0,"47":0,"48":0,"49":0,"50":0,"51":0,"52":0,"53":0,"54":0,"55":0,"56":0,"57":0,"58":0,"59":0,"60":0,"61":0,"62":0,"63":0,"64":0,"65":0,"66":0,"67":0,"68":0,"69":0,"70":0,"71":0,"72":0,"73":0,"74":0,"75":0,"76":0,"77":0,"78":0,"79":0,"80":0,"81":0,"82":0,"83":0,"84":0},"f":{"0":0,"1":0,"2":0,"3":0,"4":0,"5":0,"6":0},"b":{"0":[0,0],"1":[0,0],"2":[0,0],"3":[0,0],"4":[0,0],"5":[0,0],"6":[0,0],"7":[0,0],"8":[0,0],"9":[0,0],"10":[0,0],"11":[0,0],"12":[0,0],"13":[0,0]}}
,"E:\\server_ship\\blockchainCore\\apps\\gateway-nodejs\\src\\routes\\auth.js": {"path":"E:\\server_ship\\blockchainCore\\apps\\gateway-nodejs\\src\\routes\\auth.js","statementMap":{"0":{"start":{"line":6,"column":16},"end":{"line":6,"column":34}},"1":{"start":{"line":7,"column":15},"end":{"line":7,"column":31}},"2":{"start":{"line":8,"column":35},"end":{"line":8,"column":63}},"3":{"start":{"line":9,"column":21},"end":{"line":9,"column":53}},"4":{"start":{"line":10,"column":15},"end":{"line":10,"column":41}},"5":{"start":{"line":11,"column":24},"end":{"line":11,"column":53}},"6":{"start":{"line":13,"column":17},"end":{"line":19,"column":1}},"7":{"start":{"line":14,"column":17},"end":{"line":14,"column":38}},"8":{"start":{"line":15,"column":2},"end":{"line":17,"column":3}},"9":{"start":{"line":16,"column":4},"end":{"line":16,"column":60}},"10":{"start":{"line":18,"column":2},"end":{"line":18,"column":9}},"11":{"start":{"line":26,"column":0},"end":{"line":132,"column":2}},"12":{"start":{"line":34,"column":4},"end":{"line":130,"column":5}},"13":{"start":{"line":35,"column":45},"end":{"line":35,"column":53}},"14":{"start":{"line":38,"column":20},"end":{"line":38,"column":50}},"15":{"start":{"line":39,"column":6},"end":{"line":44,"column":7}},"16":{"start":{"line":40,"column":8},"end":{"line":43,"column":11}},"17":{"start":{"line":47,"column":31},"end":{"line":47,"column":68}},"18":{"start":{"line":48,"column":6},"end":{"line":53,"column":7}},"19":{"start":{"line":49,"column":8},"end":{"line":52,"column":11}},"20":{"start":{"line":55,"column":6},"end":{"line":55,"column":60}},"21":{"start":{"line":58,"column":19},"end":{"line":58,"column":34}},"22":{"start":{"line":59,"column":17},"end":{"line":59,"column":30}},"23":{"start":{"line":63,"column":27},"end":{"line":63,"column":43}},"24":{"start":{"line":64,"column":6},"end":{"line":67,"column":7}},"25":{"start":{"line":66,"column":8},"end":{"line":66,"column":98}},"26":{"start":{"line":69,"column":25},"end":{"line":71,"column":90}},"27":{"start":{"line":73,"column":23},"end":{"line":73,"column":142}},"28":{"start":{"line":74,"column":22},"end":{"line":74,"column":55}},"29":{"start":{"line":77,"column":6},"end":{"line":82,"column":7}},"30":{"start":{"line":78,"column":8},"end":{"line":81,"column":11}},"31":{"start":{"line":83,"column":19},"end":{"line":83,"column":52}},"32":{"start":{"line":86,"column":23},"end":{"line":86,"column":46}},"33":{"start":{"line":87,"column":6},"end":{"line":92,"column":7}},"34":{"start":{"line":88,"column":8},"end":{"line":91,"column":11}},"35":{"start":{"line":93,"column":22},"end":{"line":93,"column":53}},"36":{"start":{"line":94,"column":25},"end":{"line":94,"column":57}},"37":{"start":{"line":97,"column":26},"end":{"line":97,"column":51}},"38":{"start":{"line":98,"column":23},"end":{"line":105,"column":7}},"39":{"start":{"line":108,"column":6},"end":{"line":108,"column":54}},"40":{"start":{"line":110,"column":6},"end":{"line":110,"column":64}},"41":{"start":{"line":112,"column":6},"end":{"line":121,"column":9}},"42":{"start":{"line":124,"column":6},"end":{"line":124,"column":51}},"43":{"start":{"line":125,"column":6},"end":{"line":129,"column":9}},"44":{"start":{"line":139,"column":0},"end":{"line":167,"column":3}},"45":{"start":{"line":140,"column":2},"end":{"line":166,"column":3}},"46":{"start":{"line":141,"column":23},"end":{"line":141,"column":55}},"47":{"start":{"line":143,"column":25},"end":{"line":152,"column":5}},"48":{"start":{"line":145,"column":25},"end":{"line":145,"column":61}},"49":{"start":{"line":146,"column":8},"end":{"line":150,"column":10}},"50":{"start":{"line":154,"column":4},"end":{"line":158,"column":7}},"51":{"start":{"line":160,"column":4},"end":{"line":160,"column":53}},"52":{"start":{"line":161,"column":4},"end":{"line":165,"column":7}},"53":{"start":{"line":174,"column":0},"end":{"line":212,"column":3}},"54":{"start":{"line":175,"column":2},"end":{"line":211,"column":3}},"55":{"start":{"line":176,"column":23},"end":{"line":176,"column":53}},"56":{"start":{"line":178,"column":4},"end":{"line":183,"column":5}},"57":{"start":{"line":179,"column":6},"end":{"line":182,"column":9}},"58":{"start":{"line":185,"column":26},"end":{"line":185,"column":47}},"59":{"start":{"line":186,"column":21},"end":{"line":186,"column":58}},"60":{"start":{"line":188,"column":4},"end":{"line":193,"column":5}},"61":{"start":{"line":189,"column":6},"end":{"line":192,"column":9}},"62":{"start":{"line":195,"column":4},"end":{"line":203,"column":7}},"63":{"start":{"line":205,"column":4},"end":{"line":205,"column":52}},"64":{"start":{"line":206,"column":4},"end":{"line":210,"column":7}},"65":{"start":{"line":219,"column":0},"end":{"line":246,"column":3}},"66":{"start":{"line":220,"column":2},"end":{"line":245,"column":3}},"67":{"start":{"line":221,"column":23},"end":{"line":221,"column":33}},"68":{"start":{"line":223,"column":21},"end":{"line":223,"column":58}},"69":{"start":{"line":224,"column":4},"end":{"line":229,"column":5}},"70":{"start":{"line":225,"column":6},"end":{"line":228,"column":9}},"71":{"start":{"line":231,"column":4},"end":{"line":231,"column":45}},"72":{"start":{"line":232,"column":4},"end":{"line":232,"column":58}},"73":{"start":{"line":234,"column":4},"end":{"line":237,"column":7}},"74":{"start":{"line":239,"column":4},"end":{"line":239,"column":52}},"75":{"start":{"line":240,"column":4},"end":{"line":244,"column":7}},"76":{"start":{"line":248,"column":0},"end":{"line":248,"column":24}}},"fnMap":{"0":{"name":"(anonymous_0)","decl":{"start":{"line":13,"column":17},"end":{"line":13,"column":18}},"loc":{"start":{"line":13,"column":37},"end":{"line":19,"column":1}},"line":13},"1":{"name":"(anonymous_1)","decl":{"start":{"line":33,"column":2},"end":{"line":33,"column":3}},"loc":{"start":{"line":33,"column":22},"end":{"line":131,"column":3}},"line":33},"2":{"name":"(anonymous_2)","decl":{"start":{"line":139,"column":26},"end":{"line":139,"column":27}},"loc":{"start":{"line":139,"column":46},"end":{"line":167,"column":1}},"line":139},"3":{"name":"(anonymous_3)","decl":{"start":{"line":144,"column":21},"end":{"line":144,"column":22}},"loc":{"start":{"line":144,"column":38},"end":{"line":151,"column":7}},"line":144},"4":{"name":"(anonymous_4)","decl":{"start":{"line":174,"column":18},"end":{"line":174,"column":19}},"loc":{"start":{"line":174,"column":38},"end":{"line":212,"column":1}},"line":174},"5":{"name":"(anonymous_5)","decl":{"start":{"line":219,"column":37},"end":{"line":219,"column":38}},"loc":{"start":{"line":219,"column":57},"end":{"line":246,"column":1}},"line":219}},"branchMap":{"0":{"loc":{"start":{"line":15,"column":2},"end":{"line":17,"column":3}},"type":"if","locations":[{"start":{"line":15,"column":2},"end":{"line":17,"column":3}},{"start":{},"end":{}}],"line":15},"1":{"loc":{"start":{"line":35,"column":27},"end":{"line":35,"column":40}},"type":"default-arg","locations":[{"start":{"line":35,"column":34},"end":{"line":35,"column":40}}],"line":35},"2":{"loc":{"start":{"line":39,"column":6},"end":{"line":44,"column":7}},"type":"if","locations":[{"start":{"line":39,"column":6},"end":{"line":44,"column":7}},{"start":{},"end":{}}],"line":39},"3":{"loc":{"start":{"line":48,"column":6},"end":{"line":53,"column":7}},"type":"if","locations":[{"start":{"line":48,"column":6},"end":{"line":53,"column":7}},{"start":{},"end":{}}],"line":48},"4":{"loc":{"start":{"line":64,"column":6},"end":{"line":67,"column":7}},"type":"if","locations":[{"start":{"line":64,"column":6},"end":{"line":67,"column":7}},{"start":{},"end":{}}],"line":64},"5":{"loc":{"start":{"line":71,"column":11},"end":{"line":71,"column":47}},"type":"cond-expr","locations":[{"start":{"line":71,"column":30},"end":{"line":71,"column":37}},{"start":{"line":71,"column":40},"end":{"line":71,"column":47}}],"line":71},"6":{"loc":{"start":{"line":73,"column":61},"end":{"line":73,"column":97}},"type":"cond-expr","locations":[{"start":{"line":73,"column":80},"end":{"line":73,"column":87}},{"start":{"line":73,"column":90},"end":{"line":73,"column":97}}],"line":73},"7":{"loc":{"start":{"line":77,"column":6},"end":{"line":82,"column":7}},"type":"if","locations":[{"start":{"line":77,"column":6},"end":{"line":82,"column":7}},{"start":{},"end":{}}],"line":77},"8":{"loc":{"start":{"line":87,"column":6},"end":{"line":92,"column":7}},"type":"if","locations":[{"start":{"line":87,"column":6},"end":{"line":92,"column":7}},{"start":{},"end":{}}],"line":87},"9":{"loc":{"start":{"line":178,"column":4},"end":{"line":183,"column":5}},"type":"if","locations":[{"start":{"line":178,"column":4},"end":{"line":183,"column":5}},{"start":{},"end":{}}],"line":178},"10":{"loc":{"start":{"line":188,"column":4},"end":{"line":193,"column":5}},"type":"if","locations":[{"start":{"line":188,"column":4},"end":{"line":193,"column":5}},{"start":{},"end":{}}],"line":188},"11":{"loc":{"start":{"line":224,"column":4},"end":{"line":229,"column":5}},"type":"if","locations":[{"start":{"line":224,"column":4},"end":{"line":229,"column":5}},{"start":{},"end":{}}],"line":224}},"s":{"0":0,"1":0,"2":0,"3":0,"4":0,"5":0,"6":0,"7":0,"8":0,"9":0,"10":0,"11":0,"12":0,"13":0,"14":0,"15":0,"16":0,"17":0,"18":0,"19":0,"20":0,"21":0,"22":0,"23":0,"24":0,"25":0,"26":0,"27":0,"28":0,"29":0,"30":0,"31":0,"32":0,"33":0,"34":0,"35":0,"36":0,"37":0,"38":0,"39":0,"40":0,"41":0,"42":0,"43":0,"44":0,"45":0,"46":0,"47":0,"48":0,"49":0,"50":0,"51":0,"52":0,"53":0,"54":0,"55":0,"56":0,"57":0,"58":0,"59":0,"60":0,"61":0,"62":0,"63":0,"64":0,"65":0,"66":0,"67":0,"68":0,"69":0,"70":0,"71":0,"72":0,"73":0,"74":0,"75":0,"76":0},"f":{"0":0,"1":0,"2":0,"3":0,"4":0,"5":0},"b":{"0":[0,0],"1":[0],"2":[0,0],"3":[0,0],"4":[0,0],"5":[0,0],"6":[0,0],"7":[0,0],"8":[0,0],"9":[0,0],"10":[0,0],"11":[0,0]}}
,"E:\\server_ship\\blockchainCore\\apps\\gateway-nodejs\\src\\routes\\handovers.js": {"path":"E:\\server_ship\\blockchainCore\\apps\\gateway-nodejs\\src\\routes\\handovers.js","statementMap":{"0":{"start":{"line":1,"column":16},"end":{"line":1,"column":34}},"1":{"start":{"line":2,"column":15},"end":{"line":2,"column":31}},"2":{"start":{"line":3,"column":42},"end":{"line":3,"column":70}},"3":{"start":{"line":4,"column":21},"end":{"line":4,"column":53}},"4":{"start":{"line":5,"column":15},"end":{"line":5,"column":41}},"5":{"start":{"line":7,"column":21},"end":{"line":7,"column":70}},"6":{"start":{"line":8,"column":23},"end":{"line":8,"column":69}},"7":{"start":{"line":11,"column":17},"end":{"line":17,"column":1}},"8":{"start":{"line":12,"column":17},"end":{"line":12,"column":38}},"9":{"start":{"line":13,"column":2},"end":{"line":15,"column":3}},"10":{"start":{"line":14,"column":4},"end":{"line":14,"column":60}},"11":{"start":{"line":16,"column":2},"end":{"line":16,"column":9}},"12":{"start":{"line":24,"column":0},"end":{"line":65,"column":2}},"13":{"start":{"line":33,"column":4},"end":{"line":63,"column":5}},"14":{"start":{"line":34,"column":59},"end":{"line":34,"column":67}},"15":{"start":{"line":36,"column":6},"end":{"line":36,"column":77}},"16":{"start":{"line":38,"column":21},"end":{"line":46,"column":7}},"17":{"start":{"line":48,"column":6},"end":{"line":48,"column":77}},"18":{"start":{"line":50,"column":6},"end":{"line":55,"column":9}},"19":{"start":{"line":58,"column":6},"end":{"line":58,"column":56}},"20":{"start":{"line":59,"column":6},"end":{"line":62,"column":9}},"21":{"start":{"line":72,"column":0},"end":{"line":100,"column":3}},"22":{"start":{"line":73,"column":2},"end":{"line":99,"column":3}},"23":{"start":{"line":74,"column":4},"end":{"line":74,"column":63}},"24":{"start":{"line":76,"column":19},"end":{"line":80,"column":5}},"25":{"start":{"line":82,"column":22},"end":{"line":82,"column":53}},"26":{"start":{"line":83,"column":22},"end":{"line":83,"column":87}},"27":{"start":{"line":85,"column":4},"end":{"line":85,"column":79}},"28":{"start":{"line":87,"column":4},"end":{"line":91,"column":7}},"29":{"start":{"line":94,"column":4},"end":{"line":94,"column":61}},"30":{"start":{"line":95,"column":4},"end":{"line":98,"column":7}},"31":{"start":{"line":107,"column":0},"end":{"line":153,"column":2}},"32":{"start":{"line":111,"column":4},"end":{"line":151,"column":5}},"33":{"start":{"line":112,"column":21},"end":{"line":112,"column":31}},"34":{"start":{"line":114,"column":6},"end":{"line":114,"column":54}},"35":{"start":{"line":116,"column":21},"end":{"line":121,"column":7}},"36":{"start":{"line":123,"column":24},"end":{"line":123,"column":55}},"37":{"start":{"line":124,"column":23},"end":{"line":124,"column":90}},"38":{"start":{"line":125,"column":6},"end":{"line":130,"column":7}},"39":{"start":{"line":126,"column":8},"end":{"line":129,"column":11}},"40":{"start":{"line":132,"column":6},"end":{"line":135,"column":9}},"41":{"start":{"line":138,"column":6},"end":{"line":138,"column":71}},"42":{"start":{"line":140,"column":6},"end":{"line":145,"column":7}},"43":{"start":{"line":141,"column":8},"end":{"line":144,"column":11}},"44":{"start":{"line":147,"column":6},"end":{"line":150,"column":9}},"45":{"start":{"line":160,"column":0},"end":{"line":214,"column":2}},"46":{"start":{"line":168,"column":4},"end":{"line":212,"column":5}},"47":{"start":{"line":169,"column":21},"end":{"line":169,"column":31}},"48":{"start":{"line":170,"column":40},"end":{"line":170,"column":48}},"49":{"start":{"line":172,"column":6},"end":{"line":172,"column":47}},"50":{"start":{"line":174,"column":21},"end":{"line":181,"column":7}},"51":{"start":{"line":183,"column":6},"end":{"line":183,"column":58}},"52":{"start":{"line":185,"column":6},"end":{"line":189,"column":9}},"53":{"start":{"line":192,"column":6},"end":{"line":192,"column":72}},"54":{"start":{"line":194,"column":6},"end":{"line":199,"column":7}},"55":{"start":{"line":195,"column":8},"end":{"line":198,"column":11}},"56":{"start":{"line":201,"column":6},"end":{"line":206,"column":7}},"57":{"start":{"line":202,"column":8},"end":{"line":205,"column":11}},"58":{"start":{"line":208,"column":6},"end":{"line":211,"column":9}},"59":{"start":{"line":221,"column":0},"end":{"line":268,"column":2}},"60":{"start":{"line":229,"column":4},"end":{"line":266,"column":5}},"61":{"start":{"line":230,"column":21},"end":{"line":230,"column":31}},"62":{"start":{"line":231,"column":36},"end":{"line":231,"column":44}},"63":{"start":{"line":233,"column":6},"end":{"line":233,"column":47}},"64":{"start":{"line":235,"column":21},"end":{"line":242,"column":7}},"65":{"start":{"line":244,"column":6},"end":{"line":244,"column":45}},"66":{"start":{"line":246,"column":6},"end":{"line":250,"column":9}},"67":{"start":{"line":253,"column":6},"end":{"line":253,"column":72}},"68":{"start":{"line":255,"column":6},"end":{"line":260,"column":7}},"69":{"start":{"line":256,"column":8},"end":{"line":259,"column":11}},"70":{"start":{"line":262,"column":6},"end":{"line":265,"column":9}},"71":{"start":{"line":270,"column":0},"end":{"line":270,"column":24}}},"fnMap":{"0":{"name":"(anonymous_0)","decl":{"start":{"line":11,"column":17},"end":{"line":11,"column":18}},"loc":{"start":{"line":11,"column":37},"end":{"line":17,"column":1}},"line":11},"1":{"name":"(anonymous_1)","decl":{"start":{"line":32,"column":2},"end":{"line":32,"column":3}},"loc":{"start":{"line":32,"column":22},"end":{"line":64,"column":3}},"line":32},"2":{"name":"(anonymous_2)","decl":{"start":{"line":72,"column":23},"end":{"line":72,"column":24}},"loc":{"start":{"line":72,"column":43},"end":{"line":100,"column":1}},"line":72},"3":{"name":"(anonymous_3)","decl":{"start":{"line":110,"column":2},"end":{"line":110,"column":3}},"loc":{"start":{"line":110,"column":22},"end":{"line":152,"column":3}},"line":110},"4":{"name":"(anonymous_4)","decl":{"start":{"line":167,"column":2},"end":{"line":167,"column":3}},"loc":{"start":{"line":167,"column":22},"end":{"line":213,"column":3}},"line":167},"5":{"name":"(anonymous_5)","decl":{"start":{"line":228,"column":2},"end":{"line":228,"column":3}},"loc":{"start":{"line":228,"column":22},"end":{"line":267,"column":3}},"line":228}},"branchMap":{"0":{"loc":{"start":{"line":7,"column":21},"end":{"line":7,"column":70}},"type":"binary-expr","locations":[{"start":{"line":7,"column":21},"end":{"line":7,"column":45}},{"start":{"line":7,"column":49},"end":{"line":7,"column":70}}],"line":7},"1":{"loc":{"start":{"line":8,"column":23},"end":{"line":8,"column":69}},"type":"binary-expr","locations":[{"start":{"line":8,"column":23},"end":{"line":8,"column":49}},{"start":{"line":8,"column":53},"end":{"line":8,"column":69}}],"line":8},"2":{"loc":{"start":{"line":13,"column":2},"end":{"line":15,"column":3}},"type":"if","locations":[{"start":{"line":13,"column":2},"end":{"line":15,"column":3}},{"start":{},"end":{}}],"line":13},"3":{"loc":{"start":{"line":82,"column":22},"end":{"line":82,"column":53}},"type":"cond-expr","locations":[{"start":{"line":82,"column":31},"end":{"line":82,"column":48}},{"start":{"line":82,"column":51},"end":{"line":82,"column":53}}],"line":82},"4":{"loc":{"start":{"line":83,"column":22},"end":{"line":83,"column":87}},"type":"cond-expr","locations":[{"start":{"line":83,"column":61},"end":{"line":83,"column":82}},{"start":{"line":83,"column":85},"end":{"line":83,"column":87}}],"line":83},"5":{"loc":{"start":{"line":83,"column":22},"end":{"line":83,"column":58}},"type":"binary-expr","locations":[{"start":{"line":83,"column":22},"end":{"line":83,"column":31}},{"start":{"line":83,"column":35},"end":{"line":83,"column":58}}],"line":83},"6":{"loc":{"start":{"line":85,"column":25},"end":{"line":85,"column":57}},"type":"cond-expr","locations":[{"start":{"line":85,"column":37},"end":{"line":85,"column":53}},{"start":{"line":85,"column":56},"end":{"line":85,"column":57}}],"line":85},"7":{"loc":{"start":{"line":89,"column":13},"end":{"line":89,"column":45}},"type":"cond-expr","locations":[{"start":{"line":89,"column":25},"end":{"line":89,"column":41}},{"start":{"line":89,"column":44},"end":{"line":89,"column":45}}],"line":89},"8":{"loc":{"start":{"line":90,"column":17},"end":{"line":90,"column":32}},"type":"binary-expr","locations":[{"start":{"line":90,"column":17},"end":{"line":90,"column":26}},{"start":{"line":90,"column":30},"end":{"line":90,"column":32}}],"line":90},"9":{"loc":{"start":{"line":123,"column":24},"end":{"line":123,"column":55}},"type":"cond-expr","locations":[{"start":{"line":123,"column":33},"end":{"line":123,"column":50}},{"start":{"line":123,"column":53},"end":{"line":123,"column":55}}],"line":123},"10":{"loc":{"start":{"line":124,"column":23},"end":{"line":124,"column":90}},"type":"cond-expr","locations":[{"start":{"line":124,"column":62},"end":{"line":124,"column":83}},{"start":{"line":124,"column":86},"end":{"line":124,"column":90}}],"line":124},"11":{"loc":{"start":{"line":124,"column":23},"end":{"line":124,"column":59}},"type":"binary-expr","locations":[{"start":{"line":124,"column":23},"end":{"line":124,"column":32}},{"start":{"line":124,"column":36},"end":{"line":124,"column":59}}],"line":124},"12":{"loc":{"start":{"line":125,"column":6},"end":{"line":130,"column":7}},"type":"if","locations":[{"start":{"line":125,"column":6},"end":{"line":130,"column":7}},{"start":{},"end":{}}],"line":125},"13":{"loc":{"start":{"line":140,"column":6},"end":{"line":145,"column":7}},"type":"if","locations":[{"start":{"line":140,"column":6},"end":{"line":145,"column":7}},{"start":{},"end":{}}],"line":140},"14":{"loc":{"start":{"line":194,"column":6},"end":{"line":199,"column":7}},"type":"if","locations":[{"start":{"line":194,"column":6},"end":{"line":199,"column":7}},{"start":{},"end":{}}],"line":194},"15":{"loc":{"start":{"line":201,"column":6},"end":{"line":206,"column":7}},"type":"if","locations":[{"start":{"line":201,"column":6},"end":{"line":206,"column":7}},{"start":{},"end":{}}],"line":201},"16":{"loc":{"start":{"line":255,"column":6},"end":{"line":260,"column":7}},"type":"if","locations":[{"start":{"line":255,"column":6},"end":{"line":260,"column":7}},{"start":{},"end":{}}],"line":255}},"s":{"0":0,"1":0,"2":0,"3":0,"4":0,"5":0,"6":0,"7":0,"8":0,"9":0,"10":0,"11":0,"12":0,"13":0,"14":0,"15":0,"16":0,"17":0,"18":0,"19":0,"20":0,"21":0,"22":0,"23":0,"24":0,"25":0,"26":0,"27":0,"28":0,"29":0,"30":0,"31":0,"32":0,"33":0,"34":0,"35":0,"36":0,"37":0,"38":0,"39":0,"40":0,"41":0,"42":0,"43":0,"44":0,"45":0,"46":0,"47":0,"48":0,"49":0,"50":0,"51":0,"52":0,"53":0,"54":0,"55":0,"56":0,"57":0,"58":0,"59":0,"60":0,"61":0,"62":0,"63":0,"64":0,"65":0,"66":0,"67":0,"68":0,"69":0,"70":0,"71":0},"f":{"0":0,"1":0,"2":0,"3":0,"4":0,"5":0},"b":{"0":[0,0],"1":[0,0],"2":[0,0],"3":[0,0],"4":[0,0],"5":[0,0],"6":[0,0],"7":[0,0],"8":[0,0],"9":[0,0],"10":[0,0],"11":[0,0],"12":[0,0],"13":[0,0],"14":[0,0],"15":[0,0],"16":[0,0]}}
,"E:\\server_ship\\blockchainCore\\apps\\gateway-nodejs\\src\\routes\\handovers.v2.js": {"path":"E:\\server_ship\\blockchainCore\\apps\\gateway-nodejs\\src\\routes\\handovers.v2.js","statementMap":{"0":{"start":{"line":1,"column":16},"end":{"line":1,"column":34}},"1":{"start":{"line":2,"column":15},"end":{"line":2,"column":31}},"2":{"start":{"line":3,"column":42},"end":{"line":3,"column":70}},"3":{"start":{"line":4,"column":21},"end":{"line":4,"column":53}},"4":{"start":{"line":5,"column":15},"end":{"line":5,"column":41}},"5":{"start":{"line":6,"column":61},"end":{"line":6,"column":99}},"6":{"start":{"line":7,"column":111},"end":{"line":7,"column":146}},"7":{"start":{"line":9,"column":21},"end":{"line":9,"column":70}},"8":{"start":{"line":10,"column":23},"end":{"line":10,"column":69}},"9":{"start":{"line":13,"column":17},"end":{"line":22,"column":1}},"10":{"start":{"line":14,"column":19},"end":{"line":14,"column":40}},"11":{"start":{"line":15,"column":4},"end":{"line":20,"column":5}},"12":{"start":{"line":16,"column":8},"end":{"line":19,"column":11}},"13":{"start":{"line":21,"column":4},"end":{"line":21,"column":11}},"14":{"start":{"line":35,"column":0},"end":{"line":129,"column":2}},"15":{"start":{"line":44,"column":8},"end":{"line":127,"column":9}},"16":{"start":{"line":45,"column":54},"end":{"line":45,"column":62}},"17":{"start":{"line":46,"column":33},"end":{"line":46,"column":63}},"18":{"start":{"line":47,"column":34},"end":{"line":47,"column":57}},"19":{"start":{"line":49,"column":12},"end":{"line":49,"column":107}},"20":{"start":{"line":52,"column":30},"end":{"line":52,"column":103}},"21":{"start":{"line":53,"column":12},"end":{"line":53,"column":90}},"22":{"start":{"line":56,"column":12},"end":{"line":64,"column":14}},"23":{"start":{"line":68,"column":12},"end":{"line":68,"column":67}},"24":{"start":{"line":68,"column":41},"end":{"line":68,"column":65}},"25":{"start":{"line":70,"column":34},"end":{"line":75,"column":13}},"26":{"start":{"line":77,"column":28},"end":{"line":77,"column":87}},"27":{"start":{"line":78,"column":31},"end":{"line":80,"column":47}},"28":{"start":{"line":82,"column":12},"end":{"line":82,"column":61}},"29":{"start":{"line":84,"column":12},"end":{"line":98,"column":15}},"30":{"start":{"line":101,"column":12},"end":{"line":101,"column":94}},"31":{"start":{"line":104,"column":12},"end":{"line":109,"column":13}},"32":{"start":{"line":105,"column":16},"end":{"line":108,"column":19}},"33":{"start":{"line":110,"column":12},"end":{"line":115,"column":13}},"34":{"start":{"line":111,"column":16},"end":{"line":114,"column":19}},"35":{"start":{"line":116,"column":12},"end":{"line":121,"column":13}},"36":{"start":{"line":117,"column":16},"end":{"line":120,"column":19}},"37":{"start":{"line":123,"column":12},"end":{"line":126,"column":15}},"38":{"start":{"line":141,"column":0},"end":{"line":231,"column":2}},"39":{"start":{"line":149,"column":8},"end":{"line":229,"column":9}},"40":{"start":{"line":150,"column":47},"end":{"line":150,"column":55}},"41":{"start":{"line":151,"column":33},"end":{"line":151,"column":63}},"42":{"start":{"line":152,"column":34},"end":{"line":152,"column":57}},"43":{"start":{"line":154,"column":12},"end":{"line":154,"column":104}},"44":{"start":{"line":157,"column":30},"end":{"line":157,"column":105}},"45":{"start":{"line":158,"column":12},"end":{"line":158,"column":90}},"46":{"start":{"line":161,"column":12},"end":{"line":168,"column":14}},"47":{"start":{"line":171,"column":12},"end":{"line":171,"column":67}},"48":{"start":{"line":171,"column":41},"end":{"line":171,"column":65}},"49":{"start":{"line":173,"column":34},"end":{"line":178,"column":13}},"50":{"start":{"line":180,"column":28},"end":{"line":180,"column":87}},"51":{"start":{"line":181,"column":31},"end":{"line":183,"column":49}},"52":{"start":{"line":185,"column":12},"end":{"line":185,"column":61}},"53":{"start":{"line":187,"column":12},"end":{"line":200,"column":15}},"54":{"start":{"line":203,"column":12},"end":{"line":203,"column":91}},"55":{"start":{"line":206,"column":12},"end":{"line":211,"column":13}},"56":{"start":{"line":207,"column":16},"end":{"line":210,"column":19}},"57":{"start":{"line":212,"column":12},"end":{"line":217,"column":13}},"58":{"start":{"line":213,"column":16},"end":{"line":216,"column":19}},"59":{"start":{"line":218,"column":12},"end":{"line":223,"column":13}},"60":{"start":{"line":219,"column":16},"end":{"line":222,"column":19}},"61":{"start":{"line":225,"column":12},"end":{"line":228,"column":15}},"62":{"start":{"line":242,"column":0},"end":{"line":331,"column":2}},"63":{"start":{"line":250,"column":8},"end":{"line":329,"column":9}},"64":{"start":{"line":251,"column":27},"end":{"line":251,"column":37}},"65":{"start":{"line":252,"column":35},"end":{"line":252,"column":43}},"66":{"start":{"line":253,"column":33},"end":{"line":253,"column":63}},"67":{"start":{"line":254,"column":34},"end":{"line":254,"column":57}},"68":{"start":{"line":256,"column":12},"end":{"line":256,"column":64}},"69":{"start":{"line":259,"column":35},"end":{"line":264,"column":13}},"70":{"start":{"line":266,"column":29},"end":{"line":266,"column":90}},"71":{"start":{"line":267,"column":12},"end":{"line":272,"column":13}},"72":{"start":{"line":268,"column":16},"end":{"line":271,"column":19}},"73":{"start":{"line":274,"column":12},"end":{"line":274,"column":93}},"74":{"start":{"line":277,"column":30},"end":{"line":277,"column":112}},"75":{"start":{"line":278,"column":12},"end":{"line":278,"column":101}},"76":{"start":{"line":281,"column":12},"end":{"line":288,"column":14}},"77":{"start":{"line":290,"column":12},"end":{"line":290,"column":54}},"78":{"start":{"line":292,"column":12},"end":{"line":300,"column":15}},"79":{"start":{"line":303,"column":12},"end":{"line":303,"column":89}},"80":{"start":{"line":306,"column":12},"end":{"line":311,"column":13}},"81":{"start":{"line":307,"column":16},"end":{"line":310,"column":19}},"82":{"start":{"line":312,"column":12},"end":{"line":317,"column":13}},"83":{"start":{"line":313,"column":16},"end":{"line":316,"column":19}},"84":{"start":{"line":318,"column":12},"end":{"line":323,"column":13}},"85":{"start":{"line":319,"column":16},"end":{"line":322,"column":19}},"86":{"start":{"line":325,"column":12},"end":{"line":328,"column":15}},"87":{"start":{"line":342,"column":0},"end":{"line":430,"column":2}},"88":{"start":{"line":350,"column":8},"end":{"line":428,"column":9}},"89":{"start":{"line":351,"column":27},"end":{"line":351,"column":37}},"90":{"start":{"line":352,"column":31},"end":{"line":352,"column":39}},"91":{"start":{"line":353,"column":33},"end":{"line":353,"column":63}},"92":{"start":{"line":354,"column":34},"end":{"line":354,"column":57}},"93":{"start":{"line":356,"column":12},"end":{"line":356,"column":83}},"94":{"start":{"line":359,"column":35},"end":{"line":364,"column":13}},"95":{"start":{"line":366,"column":29},"end":{"line":366,"column":90}},"96":{"start":{"line":367,"column":12},"end":{"line":372,"column":13}},"97":{"start":{"line":368,"column":16},"end":{"line":371,"column":19}},"98":{"start":{"line":375,"column":30},"end":{"line":375,"column":100}},"99":{"start":{"line":376,"column":12},"end":{"line":376,"column":100}},"100":{"start":{"line":379,"column":12},"end":{"line":386,"column":14}},"101":{"start":{"line":388,"column":12},"end":{"line":388,"column":54}},"102":{"start":{"line":390,"column":12},"end":{"line":399,"column":15}},"103":{"start":{"line":402,"column":12},"end":{"line":402,"column":89}},"104":{"start":{"line":405,"column":12},"end":{"line":410,"column":13}},"105":{"start":{"line":406,"column":16},"end":{"line":409,"column":19}},"106":{"start":{"line":411,"column":12},"end":{"line":416,"column":13}},"107":{"start":{"line":412,"column":16},"end":{"line":415,"column":19}},"108":{"start":{"line":417,"column":12},"end":{"line":422,"column":13}},"109":{"start":{"line":418,"column":16},"end":{"line":421,"column":19}},"110":{"start":{"line":424,"column":12},"end":{"line":427,"column":15}},"111":{"start":{"line":438,"column":0},"end":{"line":467,"column":3}},"112":{"start":{"line":439,"column":4},"end":{"line":466,"column":5}},"113":{"start":{"line":440,"column":8},"end":{"line":440,"column":78}},"114":{"start":{"line":443,"column":23},"end":{"line":447,"column":9}},"115":{"start":{"line":449,"column":26},"end":{"line":449,"column":57}},"116":{"start":{"line":450,"column":26},"end":{"line":450,"column":91}},"117":{"start":{"line":452,"column":8},"end":{"line":452,"column":78}},"118":{"start":{"line":454,"column":8},"end":{"line":458,"column":11}},"119":{"start":{"line":461,"column":8},"end":{"line":461,"column":76}},"120":{"start":{"line":462,"column":8},"end":{"line":465,"column":11}},"121":{"start":{"line":475,"column":0},"end":{"line":524,"column":2}},"122":{"start":{"line":480,"column":8},"end":{"line":522,"column":9}},"123":{"start":{"line":481,"column":27},"end":{"line":481,"column":37}},"124":{"start":{"line":483,"column":12},"end":{"line":483,"column":71}},"125":{"start":{"line":486,"column":27},"end":{"line":491,"column":13}},"126":{"start":{"line":493,"column":30},"end":{"line":493,"column":61}},"127":{"start":{"line":494,"column":29},"end":{"line":494,"column":96}},"128":{"start":{"line":496,"column":12},"end":{"line":501,"column":13}},"129":{"start":{"line":497,"column":16},"end":{"line":500,"column":19}},"130":{"start":{"line":503,"column":12},"end":{"line":506,"column":15}},"131":{"start":{"line":509,"column":12},"end":{"line":509,"column":88}},"132":{"start":{"line":511,"column":12},"end":{"line":516,"column":13}},"133":{"start":{"line":512,"column":16},"end":{"line":515,"column":19}},"134":{"start":{"line":518,"column":12},"end":{"line":521,"column":15}},"135":{"start":{"line":526,"column":0},"end":{"line":526,"column":24}}},"fnMap":{"0":{"name":"(anonymous_0)","decl":{"start":{"line":13,"column":17},"end":{"line":13,"column":18}},"loc":{"start":{"line":13,"column":37},"end":{"line":22,"column":1}},"line":13},"1":{"name":"(anonymous_1)","decl":{"start":{"line":43,"column":4},"end":{"line":43,"column":5}},"loc":{"start":{"line":43,"column":24},"end":{"line":128,"column":5}},"line":43},"2":{"name":"(anonymous_2)","decl":{"start":{"line":68,"column":30},"end":{"line":68,"column":31}},"loc":{"start":{"line":68,"column":41},"end":{"line":68,"column":65}},"line":68},"3":{"name":"(anonymous_3)","decl":{"start":{"line":148,"column":4},"end":{"line":148,"column":5}},"loc":{"start":{"line":148,"column":24},"end":{"line":230,"column":5}},"line":148},"4":{"name":"(anonymous_4)","decl":{"start":{"line":171,"column":30},"end":{"line":171,"column":31}},"loc":{"start":{"line":171,"column":41},"end":{"line":171,"column":65}},"line":171},"5":{"name":"(anonymous_5)","decl":{"start":{"line":249,"column":4},"end":{"line":249,"column":5}},"loc":{"start":{"line":249,"column":24},"end":{"line":330,"column":5}},"line":249},"6":{"name":"(anonymous_6)","decl":{"start":{"line":349,"column":4},"end":{"line":349,"column":5}},"loc":{"start":{"line":349,"column":24},"end":{"line":429,"column":5}},"line":349},"7":{"name":"(anonymous_7)","decl":{"start":{"line":438,"column":36},"end":{"line":438,"column":37}},"loc":{"start":{"line":438,"column":56},"end":{"line":467,"column":1}},"line":438},"8":{"name":"(anonymous_8)","decl":{"start":{"line":479,"column":4},"end":{"line":479,"column":5}},"loc":{"start":{"line":479,"column":24},"end":{"line":523,"column":5}},"line":479}},"branchMap":{"0":{"loc":{"start":{"line":9,"column":21},"end":{"line":9,"column":70}},"type":"binary-expr","locations":[{"start":{"line":9,"column":21},"end":{"line":9,"column":45}},{"start":{"line":9,"column":49},"end":{"line":9,"column":70}}],"line":9},"1":{"loc":{"start":{"line":10,"column":23},"end":{"line":10,"column":69}},"type":"binary-expr","locations":[{"start":{"line":10,"column":23},"end":{"line":10,"column":49}},{"start":{"line":10,"column":53},"end":{"line":10,"column":69}}],"line":10},"2":{"loc":{"start":{"line":15,"column":4},"end":{"line":20,"column":5}},"type":"if","locations":[{"start":{"line":15,"column":4},"end":{"line":20,"column":5}},{"start":{},"end":{}}],"line":15},"3":{"loc":{"start":{"line":77,"column":28},"end":{"line":77,"column":87}},"type":"cond-expr","locations":[{"start":{"line":77,"column":44},"end":{"line":77,"column":80}},{"start":{"line":77,"column":83},"end":{"line":77,"column":87}}],"line":77},"4":{"loc":{"start":{"line":78,"column":31},"end":{"line":80,"column":47}},"type":"cond-expr","locations":[{"start":{"line":79,"column":16},"end":{"line":79,"column":39}},{"start":{"line":80,"column":16},"end":{"line":80,"column":47}}],"line":78},"5":{"loc":{"start":{"line":78,"column":31},"end":{"line":78,"column":65}},"type":"binary-expr","locations":[{"start":{"line":78,"column":31},"end":{"line":78,"column":38}},{"start":{"line":78,"column":42},"end":{"line":78,"column":65}}],"line":78},"6":{"loc":{"start":{"line":104,"column":12},"end":{"line":109,"column":13}},"type":"if","locations":[{"start":{"line":104,"column":12},"end":{"line":109,"column":13}},{"start":{},"end":{}}],"line":104},"7":{"loc":{"start":{"line":110,"column":12},"end":{"line":115,"column":13}},"type":"if","locations":[{"start":{"line":110,"column":12},"end":{"line":115,"column":13}},{"start":{},"end":{}}],"line":110},"8":{"loc":{"start":{"line":116,"column":12},"end":{"line":121,"column":13}},"type":"if","locations":[{"start":{"line":116,"column":12},"end":{"line":121,"column":13}},{"start":{},"end":{}}],"line":116},"9":{"loc":{"start":{"line":180,"column":28},"end":{"line":180,"column":87}},"type":"cond-expr","locations":[{"start":{"line":180,"column":44},"end":{"line":180,"column":80}},{"start":{"line":180,"column":83},"end":{"line":180,"column":87}}],"line":180},"10":{"loc":{"start":{"line":181,"column":31},"end":{"line":183,"column":49}},"type":"cond-expr","locations":[{"start":{"line":182,"column":16},"end":{"line":182,"column":39}},{"start":{"line":183,"column":16},"end":{"line":183,"column":49}}],"line":181},"11":{"loc":{"start":{"line":181,"column":31},"end":{"line":181,"column":65}},"type":"binary-expr","locations":[{"start":{"line":181,"column":31},"end":{"line":181,"column":38}},{"start":{"line":181,"column":42},"end":{"line":181,"column":65}}],"line":181},"12":{"loc":{"start":{"line":206,"column":12},"end":{"line":211,"column":13}},"type":"if","locations":[{"start":{"line":206,"column":12},"end":{"line":211,"column":13}},{"start":{},"end":{}}],"line":206},"13":{"loc":{"start":{"line":212,"column":12},"end":{"line":217,"column":13}},"type":"if","locations":[{"start":{"line":212,"column":12},"end":{"line":217,"column":13}},{"start":{},"end":{}}],"line":212},"14":{"loc":{"start":{"line":218,"column":12},"end":{"line":223,"column":13}},"type":"if","locations":[{"start":{"line":218,"column":12},"end":{"line":223,"column":13}},{"start":{},"end":{}}],"line":218},"15":{"loc":{"start":{"line":266,"column":29},"end":{"line":266,"column":90}},"type":"cond-expr","locations":[{"start":{"line":266,"column":46},"end":{"line":266,"column":83}},{"start":{"line":266,"column":86},"end":{"line":266,"column":90}}],"line":266},"16":{"loc":{"start":{"line":267,"column":12},"end":{"line":272,"column":13}},"type":"if","locations":[{"start":{"line":267,"column":12},"end":{"line":272,"column":13}},{"start":{},"end":{}}],"line":267},"17":{"loc":{"start":{"line":267,"column":16},"end":{"line":267,"column":44}},"type":"binary-expr","locations":[{"start":{"line":267,"column":16},"end":{"line":267,"column":25}},{"start":{"line":267,"column":29},"end":{"line":267,"column":44}}],"line":267},"18":{"loc":{"start":{"line":306,"column":12},"end":{"line":311,"column":13}},"type":"if","locations":[{"start":{"line":306,"column":12},"end":{"line":311,"column":13}},{"start":{},"end":{}}],"line":306},"19":{"loc":{"start":{"line":306,"column":16},"end":{"line":306,"column":97}},"type":"binary-expr","locations":[{"start":{"line":306,"column":16},"end":{"line":306,"column":54}},{"start":{"line":306,"column":58},"end":{"line":306,"column":97}}],"line":306},"20":{"loc":{"start":{"line":312,"column":12},"end":{"line":317,"column":13}},"type":"if","locations":[{"start":{"line":312,"column":12},"end":{"line":317,"column":13}},{"start":{},"end":{}}],"line":312},"21":{"loc":{"start":{"line":318,"column":12},"end":{"line":323,"column":13}},"type":"if","locations":[{"start":{"line":318,"column":12},"end":{"line":323,"column":13}},{"start":{},"end":{}}],"line":318},"22":{"loc":{"start":{"line":366,"column":29},"end":{"line":366,"column":90}},"type":"cond-expr","locations":[{"start":{"line":366,"column":46},"end":{"line":366,"column":83}},{"start":{"line":366,"column":86},"end":{"line":366,"column":90}}],"line":366},"23":{"loc":{"start":{"line":367,"column":12},"end":{"line":372,"column":13}},"type":"if","locations":[{"start":{"line":367,"column":12},"end":{"line":372,"column":13}},{"start":{},"end":{}}],"line":367},"24":{"loc":{"start":{"line":367,"column":16},"end":{"line":367,"column":44}},"type":"binary-expr","locations":[{"start":{"line":367,"column":16},"end":{"line":367,"column":25}},{"start":{"line":367,"column":29},"end":{"line":367,"column":44}}],"line":367},"25":{"loc":{"start":{"line":405,"column":12},"end":{"line":410,"column":13}},"type":"if","locations":[{"start":{"line":405,"column":12},"end":{"line":410,"column":13}},{"start":{},"end":{}}],"line":405},"26":{"loc":{"start":{"line":405,"column":16},"end":{"line":405,"column":97}},"type":"binary-expr","locations":[{"start":{"line":405,"column":16},"end":{"line":405,"column":54}},{"start":{"line":405,"column":58},"end":{"line":405,"column":97}}],"line":405},"27":{"loc":{"start":{"line":411,"column":12},"end":{"line":416,"column":13}},"type":"if","locations":[{"start":{"line":411,"column":12},"end":{"line":416,"column":13}},{"start":{},"end":{}}],"line":411},"28":{"loc":{"start":{"line":417,"column":12},"end":{"line":422,"column":13}},"type":"if","locations":[{"start":{"line":417,"column":12},"end":{"line":422,"column":13}},{"start":{},"end":{}}],"line":417},"29":{"loc":{"start":{"line":449,"column":26},"end":{"line":449,"column":57}},"type":"cond-expr","locations":[{"start":{"line":449,"column":35},"end":{"line":449,"column":52}},{"start":{"line":449,"column":55},"end":{"line":449,"column":57}}],"line":449},"30":{"loc":{"start":{"line":450,"column":26},"end":{"line":450,"column":91}},"type":"cond-expr","locations":[{"start":{"line":450,"column":65},"end":{"line":450,"column":86}},{"start":{"line":450,"column":89},"end":{"line":450,"column":91}}],"line":450},"31":{"loc":{"start":{"line":450,"column":26},"end":{"line":450,"column":62}},"type":"binary-expr","locations":[{"start":{"line":450,"column":26},"end":{"line":450,"column":35}},{"start":{"line":450,"column":39},"end":{"line":450,"column":62}}],"line":450},"32":{"loc":{"start":{"line":493,"column":30},"end":{"line":493,"column":61}},"type":"cond-expr","locations":[{"start":{"line":493,"column":39},"end":{"line":493,"column":56}},{"start":{"line":493,"column":59},"end":{"line":493,"column":61}}],"line":493},"33":{"loc":{"start":{"line":494,"column":29},"end":{"line":494,"column":96}},"type":"cond-expr","locations":[{"start":{"line":494,"column":68},"end":{"line":494,"column":89}},{"start":{"line":494,"column":92},"end":{"line":494,"column":96}}],"line":494},"34":{"loc":{"start":{"line":494,"column":29},"end":{"line":494,"column":65}},"type":"binary-expr","locations":[{"start":{"line":494,"column":29},"end":{"line":494,"column":38}},{"start":{"line":494,"column":42},"end":{"line":494,"column":65}}],"line":494},"35":{"loc":{"start":{"line":496,"column":12},"end":{"line":501,"column":13}},"type":"if","locations":[{"start":{"line":496,"column":12},"end":{"line":501,"column":13}},{"start":{},"end":{}}],"line":496},"36":{"loc":{"start":{"line":511,"column":12},"end":{"line":516,"column":13}},"type":"if","locations":[{"start":{"line":511,"column":12},"end":{"line":516,"column":13}},{"start":{},"end":{}}],"line":511}},"s":{"0":0,"1":0,"2":0,"3":0,"4":0,"5":0,"6":0,"7":0,"8":0,"9":0,"10":0,"11":0,"12":0,"13":0,"14":0,"15":0,"16":0,"17":0,"18":0,"19":0,"20":0,"21":0,"22":0,"23":0,"24":0,"25":0,"26":0,"27":0,"28":0,"29":0,"30":0,"31":0,"32":0,"33":0,"34":0,"35":0,"36":0,"37":0,"38":0,"39":0,"40":0,"41":0,"42":0,"43":0,"44":0,"45":0,"46":0,"47":0,"48":0,"49":0,"50":0,"51":0,"52":0,"53":0,"54":0,"55":0,"56":0,"57":0,"58":0,"59":0,"60":0,"61":0,"62":0,"63":0,"64":0,"65":0,"66":0,"67":0,"68":0,"69":0,"70":0,"71":0,"72":0,"73":0,"74":0,"75":0,"76":0,"77":0,"78":0,"79":0,"80":0,"81":0,"82":0,"83":0,"84":0,"85":0,"86":0,"87":0,"88":0,"89":0,"90":0,"91":0,"92":0,"93":0,"94":0,"95":0,"96":0,"97":0,"98":0,"99":0,"100":0,"101":0,"102":0,"103":0,"104":0,"105":0,"106":0,"107":0,"108":0,"109":0,"110":0,"111":0,"112":0,"113":0,"114":0,"115":0,"116":0,"117":0,"118":0,"119":0,"120":0,"121":0,"122":0,"123":0,"124":0,"125":0,"126":0,"127":0,"128":0,"129":0,"130":0,"131":0,"132":0,"133":0,"134":0,"135":0},"f":{"0":0,"1":0,"2":0,"3":0,"4":0,"5":0,"6":0,"7":0,"8":0},"b":{"0":[0,0],"1":[0,0],"2":[0,0],"3":[0,0],"4":[0,0],"5":[0,0],"6":[0,0],"7":[0,0],"8":[0,0],"9":[0,0],"10":[0,0],"11":[0,0],"12":[0,0],"13":[0,0],"14":[0,0],"15":[0,0],"16":[0,0],"17":[0,0],"18":[0,0],"19":[0,0],"20":[0,0],"21":[0,0],"22":[0,0],"23":[0,0],"24":[0,0],"25":[0,0],"26":[0,0],"27":[0,0],"28":[0,0],"29":[0,0],"30":[0,0],"31":[0,0],"32":[0,0],"33":[0,0],"34":[0,0],"35":[0,0],"36":[0,0]}}
,"E:\\server_ship\\blockchainCore\\apps\\gateway-nodejs\\src\\routes\\orders.js": {"path":"E:\\server_ship\\blockchainCore\\apps\\gateway-nodejs\\src\\routes\\orders.js","statementMap":{"0":{"start":{"line":1,"column":16},"end":{"line":1,"column":34}},"1":{"start":{"line":2,"column":15},"end":{"line":2,"column":31}},"2":{"start":{"line":3,"column":35},"end":{"line":3,"column":63}},"3":{"start":{"line":4,"column":21},"end":{"line":4,"column":53}},"4":{"start":{"line":5,"column":15},"end":{"line":5,"column":41}},"5":{"start":{"line":7,"column":21},"end":{"line":7,"column":70}},"6":{"start":{"line":8,"column":23},"end":{"line":8,"column":69}},"7":{"start":{"line":10,"column":17},"end":{"line":16,"column":1}},"8":{"start":{"line":11,"column":19},"end":{"line":11,"column":40}},"9":{"start":{"line":12,"column":4},"end":{"line":14,"column":5}},"10":{"start":{"line":13,"column":8},"end":{"line":13,"column":64}},"11":{"start":{"line":15,"column":4},"end":{"line":15,"column":11}},"12":{"start":{"line":23,"column":0},"end":{"line":63,"column":2}},"13":{"start":{"line":33,"column":8},"end":{"line":61,"column":9}},"14":{"start":{"line":34,"column":75},"end":{"line":34,"column":83}},"15":{"start":{"line":36,"column":27},"end":{"line":45,"column":13}},"16":{"start":{"line":47,"column":12},"end":{"line":47,"column":65}},"17":{"start":{"line":49,"column":12},"end":{"line":53,"column":15}},"18":{"start":{"line":55,"column":12},"end":{"line":55,"column":57}},"19":{"start":{"line":56,"column":12},"end":{"line":60,"column":15}},"20":{"start":{"line":65,"column":0},"end":{"line":65,"column":24}}},"fnMap":{"0":{"name":"(anonymous_0)","decl":{"start":{"line":10,"column":17},"end":{"line":10,"column":18}},"loc":{"start":{"line":10,"column":37},"end":{"line":16,"column":1}},"line":10},"1":{"name":"(anonymous_1)","decl":{"start":{"line":32,"column":4},"end":{"line":32,"column":5}},"loc":{"start":{"line":32,"column":24},"end":{"line":62,"column":5}},"line":32}},"branchMap":{"0":{"loc":{"start":{"line":7,"column":21},"end":{"line":7,"column":70}},"type":"binary-expr","locations":[{"start":{"line":7,"column":21},"end":{"line":7,"column":45}},{"start":{"line":7,"column":49},"end":{"line":7,"column":70}}],"line":7},"1":{"loc":{"start":{"line":8,"column":23},"end":{"line":8,"column":69}},"type":"binary-expr","locations":[{"start":{"line":8,"column":23},"end":{"line":8,"column":49}},{"start":{"line":8,"column":53},"end":{"line":8,"column":69}}],"line":8},"2":{"loc":{"start":{"line":12,"column":4},"end":{"line":14,"column":5}},"type":"if","locations":[{"start":{"line":12,"column":4},"end":{"line":14,"column":5}},{"start":{},"end":{}}],"line":12}},"s":{"0":0,"1":0,"2":0,"3":0,"4":0,"5":0,"6":0,"7":0,"8":0,"9":0,"10":0,"11":0,"12":0,"13":0,"14":0,"15":0,"16":0,"17":0,"18":0,"19":0,"20":0},"f":{"0":0,"1":0},"b":{"0":[0,0],"1":[0,0],"2":[0,0]}}
,"E:\\server_ship\\blockchainCore\\apps\\gateway-nodejs\\src\\routes\\products.js": {"path":"E:\\server_ship\\blockchainCore\\apps\\gateway-nodejs\\src\\routes\\products.js","statementMap":{"0":{"start":{"line":1,"column":16},"end":{"line":1,"column":34}},"1":{"start":{"line":2,"column":15},"end":{"line":2,"column":31}},"2":{"start":{"line":3,"column":42},"end":{"line":3,"column":70}},"3":{"start":{"line":4,"column":21},"end":{"line":4,"column":53}},"4":{"start":{"line":5,"column":11},"end":{"line":5,"column":39}},"5":{"start":{"line":6,"column":15},"end":{"line":6,"column":41}},"6":{"start":{"line":8,"column":21},"end":{"line":8,"column":70}},"7":{"start":{"line":9,"column":23},"end":{"line":9,"column":69}},"8":{"start":{"line":12,"column":17},"end":{"line":18,"column":1}},"9":{"start":{"line":13,"column":19},"end":{"line":13,"column":40}},"10":{"start":{"line":14,"column":4},"end":{"line":16,"column":5}},"11":{"start":{"line":15,"column":8},"end":{"line":15,"column":64}},"12":{"start":{"line":17,"column":4},"end":{"line":17,"column":11}},"13":{"start":{"line":25,"column":0},"end":{"line":74,"column":2}},"14":{"start":{"line":36,"column":8},"end":{"line":72,"column":9}},"15":{"start":{"line":37,"column":75},"end":{"line":37,"column":83}},"16":{"start":{"line":40,"column":27},"end":{"line":50,"column":13}},"17":{"start":{"line":53,"column":12},"end":{"line":56,"column":14}},"18":{"start":{"line":58,"column":12},"end":{"line":58,"column":62}},"19":{"start":{"line":60,"column":12},"end":{"line":64,"column":15}},"20":{"start":{"line":66,"column":12},"end":{"line":66,"column":59}},"21":{"start":{"line":67,"column":12},"end":{"line":71,"column":15}},"22":{"start":{"line":81,"column":0},"end":{"line":128,"column":2}},"23":{"start":{"line":85,"column":8},"end":{"line":126,"column":9}},"24":{"start":{"line":86,"column":27},"end":{"line":86,"column":37}},"25":{"start":{"line":89,"column":27},"end":{"line":94,"column":13}},"26":{"start":{"line":96,"column":28},"end":{"line":96,"column":86}},"27":{"start":{"line":97,"column":12},"end":{"line":102,"column":13}},"28":{"start":{"line":98,"column":16},"end":{"line":101,"column":19}},"29":{"start":{"line":105,"column":29},"end":{"line":108,"column":13}},"30":{"start":{"line":110,"column":12},"end":{"line":113,"column":13}},"31":{"start":{"line":111,"column":16},"end":{"line":111,"column":60}},"32":{"start":{"line":112,"column":16},"end":{"line":112,"column":58}},"33":{"start":{"line":115,"column":12},"end":{"line":118,"column":15}},"34":{"start":{"line":120,"column":12},"end":{"line":120,"column":59}},"35":{"start":{"line":121,"column":12},"end":{"line":125,"column":15}},"36":{"start":{"line":135,"column":0},"end":{"line":164,"column":2}},"37":{"start":{"line":139,"column":8},"end":{"line":162,"column":9}},"38":{"start":{"line":140,"column":27},"end":{"line":140,"column":37}},"39":{"start":{"line":142,"column":27},"end":{"line":147,"column":13}},"40":{"start":{"line":149,"column":28},"end":{"line":149,"column":84}},"41":{"start":{"line":151,"column":12},"end":{"line":154,"column":15}},"42":{"start":{"line":156,"column":12},"end":{"line":156,"column":67}},"43":{"start":{"line":157,"column":12},"end":{"line":161,"column":15}},"44":{"start":{"line":171,"column":0},"end":{"line":195,"column":3}},"45":{"start":{"line":172,"column":4},"end":{"line":194,"column":5}},"46":{"start":{"line":173,"column":23},"end":{"line":177,"column":9}},"47":{"start":{"line":180,"column":25},"end":{"line":180,"column":81}},"48":{"start":{"line":182,"column":8},"end":{"line":186,"column":11}},"49":{"start":{"line":188,"column":8},"end":{"line":188,"column":60}},"50":{"start":{"line":189,"column":8},"end":{"line":193,"column":11}},"51":{"start":{"line":202,"column":0},"end":{"line":241,"column":2}},"52":{"start":{"line":211,"column":8},"end":{"line":239,"column":9}},"53":{"start":{"line":212,"column":27},"end":{"line":212,"column":37}},"54":{"start":{"line":213,"column":56},"end":{"line":213,"column":64}},"55":{"start":{"line":215,"column":27},"end":{"line":223,"column":13}},"56":{"start":{"line":225,"column":12},"end":{"line":225,"column":73}},"57":{"start":{"line":227,"column":12},"end":{"line":231,"column":15}},"58":{"start":{"line":233,"column":12},"end":{"line":233,"column":59}},"59":{"start":{"line":234,"column":12},"end":{"line":238,"column":15}},"60":{"start":{"line":248,"column":0},"end":{"line":283,"column":2}},"61":{"start":{"line":255,"column":8},"end":{"line":281,"column":9}},"62":{"start":{"line":256,"column":27},"end":{"line":256,"column":37}},"63":{"start":{"line":257,"column":36},"end":{"line":257,"column":44}},"64":{"start":{"line":259,"column":27},"end":{"line":265,"column":13}},"65":{"start":{"line":267,"column":12},"end":{"line":267,"column":78}},"66":{"start":{"line":269,"column":12},"end":{"line":273,"column":15}},"67":{"start":{"line":275,"column":12},"end":{"line":275,"column":73}},"68":{"start":{"line":276,"column":12},"end":{"line":280,"column":15}},"69":{"start":{"line":290,"column":0},"end":{"line":325,"column":2}},"70":{"start":{"line":297,"column":8},"end":{"line":323,"column":9}},"71":{"start":{"line":298,"column":27},"end":{"line":298,"column":37}},"72":{"start":{"line":299,"column":35},"end":{"line":299,"column":43}},"73":{"start":{"line":301,"column":27},"end":{"line":307,"column":13}},"74":{"start":{"line":309,"column":12},"end":{"line":309,"column":77}},"75":{"start":{"line":311,"column":12},"end":{"line":315,"column":15}},"76":{"start":{"line":317,"column":12},"end":{"line":317,"column":73}},"77":{"start":{"line":318,"column":12},"end":{"line":322,"column":15}},"78":{"start":{"line":332,"column":0},"end":{"line":367,"column":2}},"79":{"start":{"line":339,"column":8},"end":{"line":365,"column":9}},"80":{"start":{"line":340,"column":27},"end":{"line":340,"column":37}},"81":{"start":{"line":341,"column":35},"end":{"line":341,"column":43}},"82":{"start":{"line":343,"column":27},"end":{"line":349,"column":13}},"83":{"start":{"line":351,"column":12},"end":{"line":351,"column":81}},"84":{"start":{"line":353,"column":12},"end":{"line":357,"column":15}},"85":{"start":{"line":359,"column":12},"end":{"line":359,"column":66}},"86":{"start":{"line":360,"column":12},"end":{"line":364,"column":15}},"87":{"start":{"line":369,"column":0},"end":{"line":369,"column":24}}},"fnMap":{"0":{"name":"(anonymous_0)","decl":{"start":{"line":12,"column":17},"end":{"line":12,"column":18}},"loc":{"start":{"line":12,"column":37},"end":{"line":18,"column":1}},"line":12},"1":{"name":"(anonymous_1)","decl":{"start":{"line":35,"column":4},"end":{"line":35,"column":5}},"loc":{"start":{"line":35,"column":24},"end":{"line":73,"column":5}},"line":35},"2":{"name":"(anonymous_2)","decl":{"start":{"line":84,"column":4},"end":{"line":84,"column":5}},"loc":{"start":{"line":84,"column":24},"end":{"line":127,"column":5}},"line":84},"3":{"name":"(anonymous_3)","decl":{"start":{"line":138,"column":4},"end":{"line":138,"column":5}},"loc":{"start":{"line":138,"column":24},"end":{"line":163,"column":5}},"line":138},"4":{"name":"(anonymous_4)","decl":{"start":{"line":171,"column":16},"end":{"line":171,"column":17}},"loc":{"start":{"line":171,"column":36},"end":{"line":195,"column":1}},"line":171},"5":{"name":"(anonymous_5)","decl":{"start":{"line":210,"column":4},"end":{"line":210,"column":5}},"loc":{"start":{"line":210,"column":24},"end":{"line":240,"column":5}},"line":210},"6":{"name":"(anonymous_6)","decl":{"start":{"line":254,"column":4},"end":{"line":254,"column":5}},"loc":{"start":{"line":254,"column":24},"end":{"line":282,"column":5}},"line":254},"7":{"name":"(anonymous_7)","decl":{"start":{"line":296,"column":4},"end":{"line":296,"column":5}},"loc":{"start":{"line":296,"column":24},"end":{"line":324,"column":5}},"line":296},"8":{"name":"(anonymous_8)","decl":{"start":{"line":338,"column":4},"end":{"line":338,"column":5}},"loc":{"start":{"line":338,"column":24},"end":{"line":366,"column":5}},"line":338}},"branchMap":{"0":{"loc":{"start":{"line":8,"column":21},"end":{"line":8,"column":70}},"type":"binary-expr","locations":[{"start":{"line":8,"column":21},"end":{"line":8,"column":45}},{"start":{"line":8,"column":49},"end":{"line":8,"column":70}}],"line":8},"1":{"loc":{"start":{"line":9,"column":23},"end":{"line":9,"column":69}},"type":"binary-expr","locations":[{"start":{"line":9,"column":23},"end":{"line":9,"column":49}},{"start":{"line":9,"column":53},"end":{"line":9,"column":69}}],"line":9},"2":{"loc":{"start":{"line":14,"column":4},"end":{"line":16,"column":5}},"type":"if","locations":[{"start":{"line":14,"column":4},"end":{"line":16,"column":5}},{"start":{},"end":{}}],"line":14},"3":{"loc":{"start":{"line":49,"column":16},"end":{"line":49,"column":30}},"type":"binary-expr","locations":[{"start":{"line":49,"column":16},"end":{"line":49,"column":24}},{"start":{"line":49,"column":28},"end":{"line":49,"column":30}}],"line":49},"4":{"loc":{"start":{"line":55,"column":21},"end":{"line":55,"column":35}},"type":"binary-expr","locations":[{"start":{"line":55,"column":21},"end":{"line":55,"column":29}},{"start":{"line":55,"column":33},"end":{"line":55,"column":35}}],"line":55},"5":{"loc":{"start":{"line":63,"column":22},"end":{"line":63,"column":78}},"type":"cond-expr","locations":[{"start":{"line":63,"column":55},"end":{"line":63,"column":73}},{"start":{"line":63,"column":76},"end":{"line":63,"column":78}}],"line":63},"6":{"loc":{"start":{"line":63,"column":22},"end":{"line":63,"column":52}},"type":"binary-expr","locations":[{"start":{"line":63,"column":22},"end":{"line":63,"column":28}},{"start":{"line":63,"column":32},"end":{"line":63,"column":52}}],"line":63},"7":{"loc":{"start":{"line":96,"column":28},"end":{"line":96,"column":86}},"type":"cond-expr","locations":[{"start":{"line":96,"column":61},"end":{"line":96,"column":79}},{"start":{"line":96,"column":82},"end":{"line":96,"column":86}}],"line":96},"8":{"loc":{"start":{"line":96,"column":28},"end":{"line":96,"column":58}},"type":"binary-expr","locations":[{"start":{"line":96,"column":28},"end":{"line":96,"column":34}},{"start":{"line":96,"column":38},"end":{"line":96,"column":58}}],"line":96},"9":{"loc":{"start":{"line":97,"column":12},"end":{"line":102,"column":13}},"type":"if","locations":[{"start":{"line":97,"column":12},"end":{"line":102,"column":13}},{"start":{},"end":{}}],"line":97},"10":{"loc":{"start":{"line":110,"column":12},"end":{"line":113,"column":13}},"type":"if","locations":[{"start":{"line":110,"column":12},"end":{"line":113,"column":13}},{"start":{},"end":{}}],"line":110},"11":{"loc":{"start":{"line":149,"column":28},"end":{"line":149,"column":84}},"type":"cond-expr","locations":[{"start":{"line":149,"column":61},"end":{"line":149,"column":79}},{"start":{"line":149,"column":82},"end":{"line":149,"column":84}}],"line":149},"12":{"loc":{"start":{"line":149,"column":28},"end":{"line":149,"column":58}},"type":"binary-expr","locations":[{"start":{"line":149,"column":28},"end":{"line":149,"column":34}},{"start":{"line":149,"column":38},"end":{"line":149,"column":58}}],"line":149},"13":{"loc":{"start":{"line":180,"column":25},"end":{"line":180,"column":81}},"type":"cond-expr","locations":[{"start":{"line":180,"column":58},"end":{"line":180,"column":76}},{"start":{"line":180,"column":79},"end":{"line":180,"column":81}}],"line":180},"14":{"loc":{"start":{"line":180,"column":25},"end":{"line":180,"column":55}},"type":"binary-expr","locations":[{"start":{"line":180,"column":25},"end":{"line":180,"column":31}},{"start":{"line":180,"column":35},"end":{"line":180,"column":55}}],"line":180}},"s":{"0":2,"1":2,"2":2,"3":2,"4":2,"5":2,"6":2,"7":2,"8":2,"9":38,"10":38,"11":7,"12":31,"13":2,"14":5,"15":5,"16":5,"17":2,"18":2,"19":2,"20":5,"21":5,"22":2,"23":22,"24":22,"25":22,"26":21,"27":0,"28":0,"29":0,"30":0,"31":0,"32":0,"33":0,"34":22,"35":22,"36":2,"37":3,"38":3,"39":3,"40":3,"41":0,"42":3,"43":3,"44":2,"45":4,"46":4,"47":4,"48":0,"49":4,"50":4,"51":2,"52":1,"53":1,"54":1,"55":1,"56":1,"57":1,"58":0,"59":0,"60":2,"61":0,"62":0,"63":0,"64":0,"65":0,"66":0,"67":0,"68":0,"69":2,"70":0,"71":0,"72":0,"73":0,"74":0,"75":0,"76":0,"77":0,"78":2,"79":0,"80":0,"81":0,"82":0,"83":0,"84":0,"85":0,"86":0,"87":2},"f":{"0":38,"1":5,"2":22,"3":3,"4":4,"5":1,"6":0,"7":0,"8":0},"b":{"0":[2,2],"1":[2,2],"2":[7,31],"3":[5,4],"4":[2,1],"5":[0,0],"6":[2,2],"7":[0,0],"8":[21,21],"9":[0,0],"10":[0,0],"11":[0,0],"12":[3,3],"13":[0,0],"14":[4,4]},"_coverageSchema":"1a1c01bbd47fc00a2c39e90264f33305004495a9","hash":"e3a1d5d0fc3745c34bd0cb689a0f7f95552aca57"}
[...]
{"line":116,"column":8},"end":{"line":118,"column":9}},"53":{"start":{"line":117,"column":12},"end":{"line":117,"column":33}},"54":{"start":{"line":120,"column":24},"end":{"line":120,"column":66}},"55":{"start":{"line":121,"column":25},"end":{"line":121,"column":59}},"56":{"start":{"line":122,"column":8},"end":{"line":122,"column":24}},"57":{"start":{"line":126,"column":8},"end":{"line":144,"column":9}},"58":{"start":{"line":128,"column":28},"end":{"line":128,"column":49}},"59":{"start":{"line":129,"column":27},"end":{"line":129,"column":114}},"60":{"start":{"line":132,"column":12},"end":{"line":134,"column":13}},"61":{"start":{"line":133,"column":16},"end":{"line":133,"column":43}},"62":{"start":{"line":136,"column":29},"end":{"line":136,"column":79}},"63":{"start":{"line":137,"column":27},"end":{"line":137,"column":82}},"64":{"start":{"line":139,"column":12},"end":{"line":139,"column":78}},"65":{"start":{"line":140,"column":12},"end":{"line":140,"column":37}},"66":{"start":{"line":142,"column":12},"end":{"line":142,"column":81}},"67":{"start":{"line":143,"column":12},"end":{"line":143,"column":24}},"68":{"start":{"line":148,"column":8},"end":{"line":180,"column":9}},"69":{"start":{"line":149,"column":12},"end":{"line":149,"column":129}},"70":{"start":{"line":150,"column":12},"end":{"line":150,"column":85}},"71":{"start":{"line":151,"column":12},"end":{"line":151,"column":86}},"72":{"start":{"line":154,"column":28},"end":{"line":154,"column":49}},"73":{"start":{"line":155,"column":27},"end":{"line":155,"column":114}},"74":{"start":{"line":158,"column":12},"end":{"line":161,"column":13}},"75":{"start":{"line":159,"column":16},"end":{"line":159,"column":79}},"76":{"start":{"line":160,"column":16},"end":{"line":160,"column":43}},"77":{"start":{"line":163,"column":12},"end":{"line":163,"column":69}},"78":{"start":{"line":164,"column":29},"end":{"line":164,"column":79}},"79":{"start":{"line":166,"column":12},"end":{"line":166,"column":103}},"80":{"start":{"line":167,"column":27},"end":{"line":167,"column":84}},"81":{"start":{"line":169,"column":12},"end":{"line":169,"column":134}},"82":{"start":{"line":170,"column":12},"end":{"line":170,"column":37}},"83":{"start":{"line":172,"column":12},"end":{"line":172,"column":93}},"84":{"start":{"line":173,"column":12},"end":{"line":178,"column":15}},"85":{"start":{"line":179,"column":12},"end":{"line":179,"column":24}},"86":{"start":{"line":184,"column":8},"end":{"line":212,"column":9}},"87":{"start":{"line":186,"column":29},"end":{"line":186,"column":63}},"88":{"start":{"line":187,"column":12},"end":{"line":190,"column":13}},"89":{"start":{"line":188,"column":16},"end":{"line":188,"column":77}},"90":{"start":{"line":189,"column":16},"end":{"line":189,"column":23}},"91":{"start":{"line":193,"column":31},"end":{"line":196,"column":14}},"92":{"start":{"line":198,"column":33},"end":{"line":205,"column":13}},"93":{"start":{"line":207,"column":12},"end":{"line":207,"column":61}},"94":{"start":{"line":208,"column":12},"end":{"line":208,"column":70}},"95":{"start":{"line":210,"column":12},"end":{"line":210,"column":59}},"96":{"start":{"line":211,"column":12},"end":{"line":211,"column":24}},"97":{"start":{"line":216,"column":8},"end":{"line":261,"column":9}},"98":{"start":{"line":218,"column":33},"end":{"line":218,"column":62}},"99":{"start":{"line":219,"column":12},"end":{"line":222,"column":13}},"100":{"start":{"line":220,"column":16},"end":{"line":220,"column":71}},"101":{"start":{"line":221,"column":16},"end":{"line":221,"column":23}},"102":{"start":{"line":225,"column":34},"end":{"line":225,"column":68}},"103":{"start":{"line":226,"column":12},"end":{"line":228,"column":13}},"104":{"start":{"line":227,"column":16},"end":{"line":227,"column":76}},"105":{"start":{"line":231,"column":29},"end":{"line":231,"column":94}},"106":{"start":{"line":232,"column":30},"end":{"line":232,"column":87}},"107":{"start":{"line":235,"column":27},"end":{"line":239,"column":25}},"108":{"start":{"line":242,"column":31},"end":{"line":245,"column":14}},"109":{"start":{"line":247,"column":33},"end":{"line":254,"column":13}},"110":{"start":{"line":256,"column":12},"end":{"line":256,"column":56}},"111":{"start":{"line":257,"column":12},"end":{"line":257,"column":79}},"112":{"start":{"line":259,"column":12},"end":{"line":259,"column":60}},"113":{"start":{"line":260,"column":12},"end":{"line":260,"column":24}},"114":{"start":{"line":265,"column":0},"end":{"line":265,"column":36}}},"fnMap":{"0":{"name":"(anonymous_0)","decl":{"start":{"line":8,"column":4},"end":{"line":8,"column":5}},"loc":{"start":{"line":8,"column":18},"end":{"line":13,"column":5}},"line":8},"1":{"name":"(anonymous_1)","decl":{"start":{"line":15,"column":4},"end":{"line":15,"column":5}},"loc":{"start":{"line":15,"column":23},"end":{"line":44,"column":5}},"line":15},"2":{"name":"(anonymous_2)","decl":{"start":{"line":46,"column":4},"end":{"line":46,"column":5}},"loc":{"start":{"line":46,"column":38},"end":{"line":85,"column":5}},"line":46},"3":{"name":"(anonymous_3)","decl":{"start":{"line":90,"column":4},"end":{"line":90,"column":5}},"loc":{"start":{"line":90,"column":26},"end":{"line":106,"column":5}},"line":90},"4":{"name":"(anonymous_4)","decl":{"start":{"line":108,"column":4},"end":{"line":108,"column":5}},"loc":{"start":{"line":108,"column":23},"end":{"line":113,"column":5}},"line":108},"5":{"name":"(anonymous_5)","decl":{"start":{"line":115,"column":4},"end":{"line":115,"column":5}},"loc":{"start":{"line":115,"column":50},"end":{"line":123,"column":5}},"line":115},"6":{"name":"(anonymous_6)","decl":{"start":{"line":125,"column":4},"end":{"line":125,"column":5}},"loc":{"start":{"line":125,"column":79},"end":{"line":145,"column":5}},"line":125},"7":{"name":"(anonymous_7)","decl":{"start":{"line":147,"column":4},"end":{"line":147,"column":5}},"loc":{"start":{"line":147,"column":81},"end":{"line":181,"column":5}},"line":147},"8":{"name":"(anonymous_8)","decl":{"start":{"line":183,"column":4},"end":{"line":183,"column":5}},"loc":{"start":{"line":183,"column":90},"end":{"line":213,"column":5}},"line":183},"9":{"name":"(anonymous_9)","decl":{"start":{"line":215,"column":4},"end":{"line":215,"column":5}},"loc":{"start":{"line":215,"column":64},"end":{"line":262,"column":5}},"line":215}},"branchMap":{"0":{"loc":{"start":{"line":19,"column":12},"end":{"line":24,"column":13}},"type":"if","locations":[{"start":{"line":19,"column":12},"end":{"line":24,"column":13}},{"start":{},"end":{}}],"line":19},"1":{"loc":{"start":{"line":28,"column":12},"end":{"line":30,"column":13}},"type":"if","locations":[{"start":{"line":28,"column":12},"end":{"line":30,"column":13}},{"start":{},"end":{}}],"line":28},"2":{"loc":{"start":{"line":35,"column":56},"end":{"line":35,"column":91}},"type":"binary-expr","locations":[{"start":{"line":35,"column":56},"end":{"line":35,"column":79}},{"start":{"line":35,"column":83},"end":{"line":35,"column":91}}],"line":35},"3":{"loc":{"start":{"line":46,"column":18},"end":{"line":46,"column":36}},"type":"default-arg","locations":[{"start":{"line":46,"column":27},"end":{"line":46,"column":36}}],"line":46},"4":{"loc":{"start":{"line":48,"column":12},"end":{"line":50,"column":13}},"type":"if","locations":[{"start":{"line":48,"column":12},"end":{"line":50,"column":13}},{"start":{},"end":{}}],"line":48},"5":{"loc":{"start":{"line":54,"column":12},"end":{"line":56,"column":13}},"type":"if","locations":[{"start":{"line":54,"column":12},"end":{"line":56,"column":13}},{"start":{},"end":{}}],"line":54},"6":{"loc":{"start":{"line":62,"column":29},"end":{"line":62,"column":94}},"type":"binary-expr","locations":[{"start":{"line":62,"column":29},"end":{"line":62,"column":57}},{"start":{"line":62,"column":61},"end":{"line":62,"column":94}}],"line":62},"7":{"loc":{"start":{"line":91,"column":8},"end":{"line":93,"column":9}},"type":"if","locations":[{"start":{"line":91,"column":8},"end":{"line":93,"column":9}},{"start":{},"end":{}}],"line":91},"8":{"loc":{"start":{"line":91,"column":12},"end":{"line":91,"column":48}},"type":"binary-expr","locations":[{"start":{"line":91,"column":12},"end":{"line":91,"column":25}},{"start":{"line":91,"column":29},"end":{"line":91,"column":48}}],"line":91},"9":{"loc":{"start":{"line":98,"column":12},"end":{"line":100,"column":13}},"type":"if","locations":[{"start":{"line":98,"column":12},"end":{"line":100,"column":13}},{"start":{},"end":{}}],"line":98},"10":{"loc":{"start":{"line":109,"column":8},"end":{"line":112,"column":9}},"type":"if","locations":[{"start":{"line":109,"column":8},"end":{"line":112,"column":9}},{"start":{},"end":{}}],"line":109},"11":{"loc":{"start":{"line":116,"column":8},"end":{"line":118,"column":9}},"type":"if","locations":[{"start":{"line":116,"column":8},"end":{"line":118,"column":9}},{"start":{},"end":{}}],"line":116},"12":{"loc":{"start":{"line":129,"column":27},"end":{"line":129,"column":114}},"type":"cond-expr","locations":[{"start":{"line":129,"column":89},"end":{"line":129,"column":107}},{"start":{"line":129,"column":110},"end":{"line":129,"column":114}}],"line":129},"13":{"loc":{"start":{"line":129,"column":28},"end":{"line":129,"column":85}},"type":"binary-expr","locations":[{"start":{"line":129,"column":28},"end":{"line":129,"column":35}},{"start":{"line":129,"column":39},"end":{"line":129,"column":66}},{"start":{"line":129,"column":70},"end":{"line":129,"column":85}}],"line":129},"14":{"loc":{"start":{"line":132,"column":12},"end":{"line":134,"column":13}},"type":"if","locations":[{"start":{"line":132,"column":12},"end":{"line":134,"column":13}},{"start":{},"end":{}}],"line":132},"15":{"loc":{"start":{"line":132,"column":16},"end":{"line":132,"column":55}},"type":"binary-expr","locations":[{"start":{"line":132,"column":16},"end":{"line":132,"column":22}},{"start":{"line":132,"column":26},"end":{"line":132,"column":55}}],"line":132},"16":{"loc":{"start":{"line":155,"column":27},"end":{"line":155,"column":114}},"type":"cond-expr","locations":[{"start":{"line":155,"column":89},"end":{"line":155,"column":107}},{"start":{"line":155,"column":110},"end":{"line":155,"column":114}}],"line":155},"17":{"loc":{"start":{"line":155,"column":28},"end":{"line":155,"column":85}},"type":"binary-expr","locations":[{"start":{"line":155,"column":28},"end":{"line":155,"column":35}},{"start":{"line":155,"column":39},"end":{"line":155,"column":66}},{"start":{"line":155,"column":70},"end":{"line":155,"column":85}}],"line":155},"18":{"loc":{"start":{"line":158,"column":12},"end":{"line":161,"column":13}},"type":"if","locations":[{"start":{"line":158,"column":12},"end":{"line":161,"column":13}},{"start":{},"end":{}}],"line":158},"19":{"loc":{"start":{"line":158,"column":16},"end":{"line":158,"column":55}},"type":"binary-expr","locations":[{"start":{"line":158,"column":16},"end":{"line":158,"column":22}},{"start":{"line":158,"column":26},"end":{"line":158,"column":55}}],"line":158},"20":{"loc":{"start":{"line":169,"column":104},"end":{"line":169,"column":130}},"type":"cond-expr","locations":[{"start":{"line":169,"column":113},"end":{"line":169,"column":126}},{"start":{"line":169,"column":129},"end":{"line":169,"column":130}}],"line":169},"21":{"loc":{"start":{"line":183,"column":42},"end":{"line":183,"column":63}},"type":"default-arg","locations":[{"start":{"line":183,"column":56},"end":{"line":183,"column":63}}],"line":183},"22":{"loc":{"start":{"line":183,"column":65},"end":{"line":183,"column":88}},"type":"default-arg","locations":[{"start":{"line":183,"column":79},"end":{"line":183,"column":88}}],"line":183},"23":{"loc":{"start":{"line":187,"column":12},"end":{"line":190,"column":13}},"type":"if","locations":[{"start":{"line":187,"column":12},"end":{"line":190,"column":13}},{"start":{},"end":{}}],"line":187},"24":{"loc":{"start":{"line":219,"column":12},"end":{"line":222,"column":13}},"type":"if","locations":[{"start":{"line":219,"column":12},"end":{"line":222,"column":13}},{"start":{},"end":{}}],"line":219},"25":{"loc":{"start":{"line":226,"column":12},"end":{"line":228,"column":13}},"type":"if","locations":[{"start":{"line":226,"column":12},"end":{"line":228,"column":13}},{"start":{},"end":{}}],"line":226}},"s":{"0":0,"1":0,"2":0,"3":0,"4":0,"5":0,"6":0,"7":0,"8":0,"9":0,"10":0,"11":0,"12":0,"13":0,"14":0,"15":0,"16":0,"17":0,"18":0,"19":0,"20":0,"21":0,"22":0,"23":0,"24":0,"25":0,"26":0,"27":0,"28":0,"29":0,"30":0,"31":0,"32":0,"33":0,"34":0,"35":0,"36":0,"37":0,"38":0,"39":0,"40":0,"41":0,"42":0,"43":0,"44":0,"45":0,"46":0,"47":0,"48":0,"49":0,"50":0,"51":0,"52":0,"53":0,"54":0,"55":0,"56":0,"57":0,"58":0,"59":0,"60":0,"61":0,"62":0,"63":0,"64":0,"65":0,"66":0,"67":0,"68":0,"69":0,"70":0,"71":0,"72":0,"73":0,"74":0,"75":0,"76":0,"77":0,"78":0,"79":0,"80":0,"81":0,"82":0,"83":0,"84":0,"85":0,"86":0,"87":0,"88":0,"89":0,"90":0,"91":0,"92":0,"93":0,"94":0,"95":0,"96":0,"97":0,"98":0,"99":0,"100":0,"101":0,"102":0,"103":0,"104":0,"105":0,"106":0,"107":0,"108":0,"109":0,"110":0,"111":0,"112":0,"113":0,"114":0},"f":{"0":0,"1":0,"2":0,"3":0,"4":0,"5":0,"6":0,"7":0,"8":0,"9":0},"b":{"0":[0,0],"1":[0,0],"2":[0,0],"3":[0],"4":[0,0],"5":[0,0],"6":[0,0],"7":[0,0],"8":[0,0],"9":[0,0],"10":[0,0],"11":[0,0],"12":[0,0],"13":[0,0,0],"14":[0,0],"15":[0,0],"16":[0,0],"17":[0,0,0],"18":[0,0],"19":[0,0],"20":[0,0],"21":[0],"22":[0],"23":[0,0],"24":[0,0],"25":[0,0]}}
,"E:\\server_ship\\blockchainCore\\apps\\gateway-nodejs\\src\\utils\\logger.js": {"path":"E:\\server_ship\\blockchainCore\\apps\\gateway-nodejs\\src\\utils\\logger.js","statementMap":{"0":{"start":{"line":1,"column":16},"end":{"line":1,"column":34}},"1":{"start":{"line":3,"column":15},"end":{"line":16,"column":2}},"2":{"start":{"line":19,"column":0},"end":{"line":26,"column":1}},"3":{"start":{"line":20,"column":4},"end":{"line":25,"column":8}},"4":{"start":{"line":28,"column":0},"end":{"line":28,"column":24}}},"fnMap":{},"branchMap":{"0":{"loc":{"start":{"line":4,"column":11},"end":{"line":4,"column":42}},"type":"binary-expr","locations":[{"start":{"line":4,"column":11},"end":{"line":4,"column":32}},{"start":{"line":4,"column":36},"end":{"line":4,"column":42}}],"line":4},"1":{"loc":{"start":{"line":19,"column":0},"end":{"line":26,"column":1}},"type":"if","locations":[{"start":{"line":19,"column":0},"end":{"line":26,"column":1}},{"start":{},"end":{}}],"line":19}},"s":{"0":1,"1":1,"2":1,"3":1,"4":1},"f":{},"b":{"0":[1,1],"1":[1,0]},"_coverageSchema":"1a1c01bbd47fc00a2c39e90264f33305004495a9","hash":"9545e921813cf24e111d6da6c3b56843beafefe2"}
,"E:\\server_ship\\blockchainCore\\apps\\gateway-nodejs\\src\\utils\\signatureHelper.js": {"path":"E:\\server_ship\\blockchainCore\\apps\\gateway-nodejs\\src\\utils\\signatureHelper.js","statementMap":{"0":{"start":{"line":6,"column":18},"end":{"line":6,"column":42}},"1":{"start":{"line":7,"column":13},"end":{"line":7,"column":28}},"2":{"start":{"line":8,"column":15},"end":{"line":8,"column":34}},"3":{"start":{"line":18,"column":4},"end":{"line":81,"column":7}},"4":{"start":{"line":20,"column":27},"end":{"line":25,"column":9}},"5":{"start":{"line":27,"column":24},"end":{"line":27,"column":53}},"6":{"start":{"line":28,"column":8},"end":{"line":30,"column":9}},"7":{"start":{"line":29,"column":12},"end":{"line":29,"column":69}},"8":{"start":{"line":34,"column":25},"end":{"line":34,"column":43}},"9":{"start":{"line":39,"column":26},"end":{"line":39,"column":258}},"10":{"start":{"line":41,"column":8},"end":{"line":41,"column":103}},"11":{"start":{"line":44,"column":23},"end":{"line":44,"column":89}},"12":{"start":{"line":46,"column":21},"end":{"line":46,"column":23}},"13":{"start":{"line":47,"column":21},"end":{"line":47,"column":23}},"14":{"start":{"line":49,"column":8},"end":{"line":51,"column":11}},"15":{"start":{"line":50,"column":12},"end":{"line":50,"column":38}},"16":{"start":{"line":53,"column":8},"end":{"line":55,"column":11}},"17":{"start":{"line":54,"column":12},"end":{"line":54,"column":38}},"18":{"start":{"line":57,"column":8},"end":{"line":74,"column":11}},"19":{"start":{"line":58,"column":12},"end":{"line":61,"column":13}},"20":{"start":{"line":59,"column":16},"end":{"line":59,"column":77}},"21":{"start":{"line":60,"column":16},"end":{"line":60,"column":83}},"22":{"start":{"line":63,"column":30},"end":{"line":63,"column":43}},"23":{"start":{"line":66,"column":12},"end":{"line":70,"column":13}},"24":{"start":{"line":67,"column":16},"end":{"line":67,"column":137}},"25":{"start":{"line":68,"column":16},"end":{"line":68,"column":70}},"26":{"start":{"line":69,"column":16},"end":{"line":69,"column":126}},"27":{"start":{"line":72,"column":12},"end":{"line":72,"column":134}},"28":{"start":{"line":73,"column":12},"end":{"line":73,"column":31}},"29":{"start":{"line":77,"column":8},"end":{"line":80,"column":18}},"30":{"start":{"line":78,"column":12},"end":{"line":78,"column":26}},"31":{"start":{"line":79,"column":12},"end":{"line":79,"column":79}},"32":{"start":{"line":89,"column":20},"end":{"line":89,"column":64}},"33":{"start":{"line":90,"column":4},"end":{"line":90,"column":51}},"34":{"start":{"line":98,"column":20},"end":{"line":98,"column":58}},"35":{"start":{"line":99,"column":4},"end":{"line":99,"column":51}},"36":{"start":{"line":107,"column":20},"end":{"line":107,"column":51}},"37":{"start":{"line":108,"column":4},"end":{"line":108,"column":51}},"38":{"start":{"line":111,"column":0},"end":{"line":116,"column":2}}},"fnMap":{"0":{"name":"generateSignature","decl":{"start":{"line":17,"column":9},"end":{"line":17,"column":26}},"loc":{"start":{"line":17,"column":49},"end":{"line":82,"column":1}},"line":17},"1":{"name":"(anonymous_1)","decl":{"start":{"line":18,"column":23},"end":{"line":18,"column":24}},"loc":{"start":{"line":18,"column":44},"end":{"line":81,"column":5}},"line":18},"2":{"name":"(anonymous_2)","decl":{"start":{"line":49,"column":33},"end":{"line":49,"column":34}},"loc":{"start":{"line":49,"column":43},"end":{"line":51,"column":9}},"line":49},"3":{"name":"(anonymous_3)","decl":{"start":{"line":53,"column":33},"end":{"line":53,"column":34}},"loc":{"start":{"line":53,"column":43},"end":{"line":55,"column":9}},"line":53},"4":{"name":"(anonymous_4)","decl":{"start":{"line":57,"column":27},"end":{"line":57,"column":28}},"loc":{"start":{"line":57,"column":37},"end":{"line":74,"column":9}},"line":57},"5":{"name":"(anonymous_5)","decl":{"start":{"line":77,"column":19},"end":{"line":77,"column":20}},"loc":{"start":{"line":77,"column":25},"end":{"line":80,"column":9}},"line":77},"6":{"name":"generateHandoverRequestSignature","decl":{"start":{"line":88,"column":15},"end":{"line":88,"column":47}},"loc":{"start":{"line":88,"column":83},"end":{"line":91,"column":1}},"line":88},"7":{"name":"generateHandoverAcceptSignature","decl":{"start":{"line":97,"column":15},"end":{"line":97,"column":46}},"loc":{"start":{"line":97,"column":91},"end":{"line":100,"column":1}},"line":97},"8":{"name":"generateHandoverRejectSignature","decl":{"start":{"line":106,"column":15},"end":{"line":106,"column":46}},"loc":{"start":{"line":106,"column":79},"end":{"line":109,"column":1}},"line":106}},"branchMap":{"0":{"loc":{"start":{"line":28,"column":8},"end":{"line":30,"column":9}},"type":"if","locations":[{"start":{"line":28,"column":8},"end":{"line":30,"column":9}},{"start":{},"end":{}}],"line":28},"1":{"loc":{"start":{"line":58,"column":12},"end":{"line":61,"column":13}},"type":"if","locations":[{"start":{"line":58,"column":12},"end":{"line":61,"column":13}},{"start":{},"end":{}}],"line":58},"2":{"loc":{"start":{"line":66,"column":12},"end":{"line":70,"column":13}},"type":"if","locations":[{"start":{"line":66,"column":12},"end":{"line":70,"column":13}},{"start":{},"end":{}}],"line":66}},"s":{"0":0,"1":0,"2":0,"3":0,"4":0,"5":0,"6":0,"7":0,"8":0,"9":0,"10":0,"11":0,"12":0,"13":0,"14":0,"15":0,"16":0,"17":0,"18":0,"19":0,"20":0,"21":0,"22":0,"23":0,"24":0,"25":0,"26":0,"27":0,"28":0,"29":0,"30":0,"31":0,"32":0,"33":0,"34":0,"35":0,"36":0,"37":0,"38":0},"f":{"0":0,"1":0,"2":0,"3":0,"4":0,"5":0,"6":0,"7":0,"8":0},"b":{"0":[0,0],"1":[0,0],"2":[0,0]}}
}
