{"E:\\server_ship\\blockchainCore\\apps\\gateway-nodejs\\src\\middleware\\errorHandler.js": {"path":"E:\\server_ship\\blockchainCore\\apps\\gateway-nodejs\\src\\middleware\\errorHandler.js","statementMap":{"0":{"start":{"line":1,"column":15},"end":{"line":1,"column":41}},"1":{"start":{"line":3,"column":21},"end":{"line":34,"column":1}},"2":{"start":{"line":4,"column":2},"end":{"line":9,"column":5}},"3":{"start":{"line":12,"column":2},"end":{"line":18,"column":3}},"4":{"start":{"line":13,"column":4},"end":{"line":17,"column":7}},"5":{"start":{"line":20,"column":2},"end":{"line":26,"column":3}},"6":{"start":{"line":21,"column":4},"end":{"line":25,"column":7}},"7":{"start":{"line":29,"column":2},"end":{"line":33,"column":5}},"8":{"start":{"line":36,"column":0},"end":{"line":36,"column":34}}},"fnMap":{"0":{"name":"(anonymous_0)","decl":{"start":{"line":3,"column":21},"end":{"line":3,"column":22}},"loc":{"start":{"line":3,"column":46},"end":{"line":34,"column":1}},"line":3}},"branchMap":{"0":{"loc":{"start":{"line":12,"column":2},"end":{"line":18,"column":3}},"type":"if","locations":[{"start":{"line":12,"column":2},"end":{"line":18,"column":3}},{"start":{},"end":{}}],"line":12},"1":{"loc":{"start":{"line":12,"column":6},"end":{"line":12,"column":71}},"type":"binary-expr","locations":[{"start":{"line":12,"column":6},"end":{"line":12,"column":17}},{"start":{"line":12,"column":21},"end":{"line":12,"column":71}}],"line":12},"2":{"loc":{"start":{"line":20,"column":2},"end":{"line":26,"column":3}},"type":"if","locations":[{"start":{"line":20,"column":2},"end":{"line":26,"column":3}},{"start":{},"end":{}}],"line":20},"3":{"loc":{"start":{"line":20,"column":6},"end":{"line":20,"column":59}},"type":"binary-expr","locations":[{"start":{"line":20,"column":6},"end":{"line":20,"column":17}},{"start":{"line":20,"column":21},"end":{"line":20,"column":59}}],"line":20},"4":{"loc":{"start":{"line":29,"column":13},"end":{"line":29,"column":30}},"type":"binary-expr","locations":[{"start":{"line":29,"column":13},"end":{"line":29,"column":23}},{"start":{"line":29,"column":27},"end":{"line":29,"column":30}}],"line":29},"5":{"loc":{"start":{"line":31,"column":13},"end":{"line":31,"column":51}},"type":"binary-expr","locations":[{"start":{"line":31,"column":13},"end":{"line":31,"column":24}},{"start":{"line":31,"column":28},"end":{"line":31,"column":51}}],"line":31},"6":{"loc":{"start":{"line":32,"column":11},"end":{"line":32,"column":73}},"type":"cond-expr","locations":[{"start":{"line":32,"column":52},"end":{"line":32,"column":61}},{"start":{"line":32,"column":64},"end":{"line":32,"column":73}}],"line":32}},"s":{"0":0,"1":0,"2":0,"3":0,"4":0,"5":0,"6":0,"7":0,"8":0},"f":{"0":0},"b":{"0":[0,0],"1":[0,0],"2":[0,0],"3":[0,0],"4":[0,0],"5":[0,0],"6":[0,0]}}
,"E:\\server_ship\\blockchainCore\\apps\\gateway-nodejs\\src\\routes\\orders.js": {"path":"E:\\server_ship\\blockchainCore\\apps\\gateway-nodejs\\src\\routes\\orders.js","statementMap":{"0":{"start":{"line":1,"column":16},"end":{"line":1,"column":34}},"1":{"start":{"line":2,"column":15},"end":{"line":2,"column":31}},"2":{"start":{"line":3,"column":35},"end":{"line":3,"column":63}},"3":{"start":{"line":4,"column":21},"end":{"line":4,"column":53}},"4":{"start":{"line":5,"column":15},"end":{"line":5,"column":41}},"5":{"start":{"line":7,"column":21},"end":{"line":7,"column":70}},"6":{"start":{"line":8,"column":23},"end":{"line":8,"column":69}},"7":{"start":{"line":10,"column":17},"end":{"line":16,"column":1}},"8":{"start":{"line":11,"column":17},"end":{"line":11,"column":38}},"9":{"start":{"line":12,"column":2},"end":{"line":14,"column":3}},"10":{"start":{"line":13,"column":4},"end":{"line":13,"column":60}},"11":{"start":{"line":15,"column":2},"end":{"line":15,"column":9}},"12":{"start":{"line":23,"column":0},"end":{"line":63,"column":2}},"13":{"start":{"line":33,"column":4},"end":{"line":61,"column":5}},"14":{"start":{"line":34,"column":69},"end":{"line":34,"column":77}},"15":{"start":{"line":36,"column":21},"end":{"line":45,"column":7}},"16":{"start":{"line":47,"column":6},"end":{"line":47,"column":59}},"17":{"start":{"line":49,"column":6},"end":{"line":53,"column":9}},"18":{"start":{"line":55,"column":6},"end":{"line":55,"column":51}},"19":{"start":{"line":56,"column":6},"end":{"line":60,"column":9}},"20":{"start":{"line":65,"column":0},"end":{"line":65,"column":24}}},"fnMap":{"0":{"name":"(anonymous_0)","decl":{"start":{"line":10,"column":17},"end":{"line":10,"column":18}},"loc":{"start":{"line":10,"column":37},"end":{"line":16,"column":1}},"line":10},"1":{"name":"(anonymous_1)","decl":{"start":{"line":32,"column":2},"end":{"line":32,"column":3}},"loc":{"start":{"line":32,"column":22},"end":{"line":62,"column":3}},"line":32}},"branchMap":{"0":{"loc":{"start":{"line":7,"column":21},"end":{"line":7,"column":70}},"type":"binary-expr","locations":[{"start":{"line":7,"column":21},"end":{"line":7,"column":45}},{"start":{"line":7,"column":49},"end":{"line":7,"column":70}}],"line":7},"1":{"loc":{"start":{"line":8,"column":23},"end":{"line":8,"column":69}},"type":"binary-expr","locations":[{"start":{"line":8,"column":23},"end":{"line":8,"column":49}},{"start":{"line":8,"column":53},"end":{"line":8,"column":69}}],"line":8},"2":{"loc":{"start":{"line":12,"column":2},"end":{"line":14,"column":3}},"type":"if","locations":[{"start":{"line":12,"column":2},"end":{"line":14,"column":3}},{"start":{},"end":{}}],"line":12}},"s":{"0":0,"1":0,"2":0,"3":0,"4":0,"5":0,"6":0,"7":0,"8":0,"9":0,"10":0,"11":0,"12":0,"13":0,"14":0,"15":0,"16":0,"17":0,"18":0,"19":0,"20":0},"f":{"0":0,"1":0},"b":{"0":[0,0],"1":[0,0],"2":[0,0]}}
,"E:\\server_ship\\blockchainCore\\apps\\gateway-nodejs\\src\\routes\\products.js": {"path":"E:\\server_ship\\blockchainCore\\apps\\gateway-nodejs\\src\\routes\\products.js","statementMap":{"0":{"start":{"line":1,"column":16},"end":{"line":1,"column":34}},"1":{"start":{"line":2,"column":15},"end":{"line":2,"column":31}},"2":{"start":{"line":3,"column":42},"end":{"line":3,"column":70}},"3":{"start":{"line":4,"column":21},"end":{"line":4,"column":53}},"4":{"start":{"line":5,"column":11},"end":{"line":5,"column":39}},"5":{"start":{"line":6,"column":15},"end":{"line":6,"column":41}},"6":{"start":{"line":8,"column":21},"end":{"line":8,"column":70}},"7":{"start":{"line":9,"column":23},"end":{"line":9,"column":69}},"8":{"start":{"line":12,"column":17},"end":{"line":18,"column":1}},"9":{"start":{"line":13,"column":17},"end":{"line":13,"column":38}},"10":{"start":{"line":14,"column":2},"end":{"line":16,"column":3}},"11":{"start":{"line":15,"column":4},"end":{"line":15,"column":60}},"12":{"start":{"line":17,"column":2},"end":{"line":17,"column":9}},"13":{"start":{"line":25,"column":0},"end":{"line":74,"column":2}},"14":{"start":{"line":36,"column":4},"end":{"line":72,"column":5}},"15":{"start":{"line":37,"column":69},"end":{"line":37,"column":77}},"16":{"start":{"line":40,"column":21},"end":{"line":50,"column":7}},"17":{"start":{"line":53,"column":6},"end":{"line":56,"column":8}},"18":{"start":{"line":58,"column":6},"end":{"line":58,"column":56}},"19":{"start":{"line":60,"column":6},"end":{"line":64,"column":9}},"20":{"start":{"line":66,"column":6},"end":{"line":66,"column":53}},"21":{"start":{"line":67,"column":6},"end":{"line":71,"column":9}},"22":{"start":{"line":81,"column":0},"end":{"line":122,"column":2}},"23":{"start":{"line":85,"column":4},"end":{"line":120,"column":5}},"24":{"start":{"line":86,"column":21},"end":{"line":86,"column":31}},"25":{"start":{"line":89,"column":21},"end":{"line":94,"column":7}},"26":{"start":{"line":96,"column":22},"end":{"line":96,"column":40}},"27":{"start":{"line":99,"column":23},"end":{"line":102,"column":7}},"28":{"start":{"line":104,"column":6},"end":{"line":107,"column":7}},"29":{"start":{"line":105,"column":8},"end":{"line":105,"column":52}},"30":{"start":{"line":106,"column":8},"end":{"line":106,"column":50}},"31":{"start":{"line":109,"column":6},"end":{"line":112,"column":9}},"32":{"start":{"line":114,"column":6},"end":{"line":114,"column":53}},"33":{"start":{"line":115,"column":6},"end":{"line":119,"column":9}},"34":{"start":{"line":129,"column":0},"end":{"line":158,"column":2}},"35":{"start":{"line":133,"column":4},"end":{"line":156,"column":5}},"36":{"start":{"line":134,"column":21},"end":{"line":134,"column":31}},"37":{"start":{"line":136,"column":21},"end":{"line":141,"column":7}},"38":{"start":{"line":143,"column":22},"end":{"line":143,"column":40}},"39":{"start":{"line":145,"column":6},"end":{"line":148,"column":9}},"40":{"start":{"line":150,"column":6},"end":{"line":150,"column":61}},"41":{"start":{"line":151,"column":6},"end":{"line":155,"column":9}},"42":{"start":{"line":165,"column":0},"end":{"line":188,"column":3}},"43":{"start":{"line":166,"column":2},"end":{"line":187,"column":3}},"44":{"start":{"line":167,"column":19},"end":{"line":171,"column":5}},"45":{"start":{"line":173,"column":21},"end":{"line":173,"column":39}},"46":{"start":{"line":175,"column":4},"end":{"line":179,"column":7}},"47":{"start":{"line":181,"column":4},"end":{"line":181,"column":56}},"48":{"start":{"line":182,"column":4},"end":{"line":186,"column":7}},"49":{"start":{"line":195,"column":0},"end":{"line":234,"column":2}},"50":{"start":{"line":204,"column":4},"end":{"line":232,"column":5}},"51":{"start":{"line":205,"column":21},"end":{"line":205,"column":31}},"52":{"start":{"line":206,"column":50},"end":{"line":206,"column":58}},"53":{"start":{"line":208,"column":21},"end":{"line":216,"column":7}},"54":{"start":{"line":218,"column":6},"end":{"line":218,"column":67}},"55":{"start":{"line":220,"column":6},"end":{"line":224,"column":9}},"56":{"start":{"line":226,"column":6},"end":{"line":226,"column":53}},"57":{"start":{"line":227,"column":6},"end":{"line":231,"column":9}},"58":{"start":{"line":241,"column":0},"end":{"line":276,"column":2}},"59":{"start":{"line":248,"column":4},"end":{"line":274,"column":5}},"60":{"start":{"line":249,"column":21},"end":{"line":249,"column":31}},"61":{"start":{"line":250,"column":30},"end":{"line":250,"column":38}},"62":{"start":{"line":252,"column":21},"end":{"line":258,"column":7}},"63":{"start":{"line":260,"column":6},"end":{"line":260,"column":72}},"64":{"start":{"line":262,"column":6},"end":{"line":266,"column":9}},"65":{"start":{"line":268,"column":6},"end":{"line":268,"column":67}},"66":{"start":{"line":269,"column":6},"end":{"line":273,"column":9}},"67":{"start":{"line":283,"column":0},"end":{"line":318,"column":2}},"68":{"start":{"line":290,"column":4},"end":{"line":316,"column":5}},"69":{"start":{"line":291,"column":21},"end":{"line":291,"column":31}},"70":{"start":{"line":292,"column":29},"end":{"line":292,"column":37}},"71":{"start":{"line":294,"column":21},"end":{"line":300,"column":7}},"72":{"start":{"line":302,"column":6},"end":{"line":302,"column":71}},"73":{"start":{"line":304,"column":6},"end":{"line":308,"column":9}},"74":{"start":{"line":310,"column":6},"end":{"line":310,"column":67}},"75":{"start":{"line":311,"column":6},"end":{"line":315,"column":9}},"76":{"start":{"line":325,"column":0},"end":{"line":360,"column":2}},"77":{"start":{"line":332,"column":4},"end":{"line":358,"column":5}},"78":{"start":{"line":333,"column":21},"end":{"line":333,"column":31}},"79":{"start":{"line":334,"column":29},"end":{"line":334,"column":37}},"80":{"start":{"line":336,"column":21},"end":{"line":342,"column":7}},"81":{"start":{"line":344,"column":6},"end":{"line":344,"column":75}},"82":{"start":{"line":346,"column":6},"end":{"line":350,"column":9}},"83":{"start":{"line":352,"column":6},"end":{"line":352,"column":60}},"84":{"start":{"line":353,"column":6},"end":{"line":357,"column":9}},"85":{"start":{"line":362,"column":0},"end":{"line":362,"column":24}}},"fnMap":{"0":{"name":"(anonymous_0)","decl":{"start":{"line":12,"column":17},"end":{"line":12,"column":18}},"loc":{"start":{"line":12,"column":37},"end":{"line":18,"column":1}},"line":12},"1":{"name":"(anonymous_1)","decl":{"start":{"line":35,"column":2},"end":{"line":35,"column":3}},"loc":{"start":{"line":35,"column":22},"end":{"line":73,"column":3}},"line":35},"2":{"name":"(anonymous_2)","decl":{"start":{"line":84,"column":2},"end":{"line":84,"column":3}},"loc":{"start":{"line":84,"column":22},"end":{"line":121,"column":3}},"line":84},"3":{"name":"(anonymous_3)","decl":{"start":{"line":132,"column":2},"end":{"line":132,"column":3}},"loc":{"start":{"line":132,"column":22},"end":{"line":157,"column":3}},"line":132},"4":{"name":"(anonymous_4)","decl":{"start":{"line":165,"column":16},"end":{"line":165,"column":17}},"loc":{"start":{"line":165,"column":36},"end":{"line":188,"column":1}},"line":165},"5":{"name":"(anonymous_5)","decl":{"start":{"line":203,"column":2},"end":{"line":203,"column":3}},"loc":{"start":{"line":203,"column":22},"end":{"line":233,"column":3}},"line":203},"6":{"name":"(anonymous_6)","decl":{"start":{"line":247,"column":2},"end":{"line":247,"column":3}},"loc":{"start":{"line":247,"column":22},"end":{"line":275,"column":3}},"line":247},"7":{"name":"(anonymous_7)","decl":{"start":{"line":289,"column":2},"end":{"line":289,"column":3}},"loc":{"start":{"line":289,"column":22},"end":{"line":317,"column":3}},"line":289},"8":{"name":"(anonymous_8)","decl":{"start":{"line":331,"column":2},"end":{"line":331,"column":3}},"loc":{"start":{"line":331,"column":22},"end":{"line":359,"column":3}},"line":331}},"branchMap":{"0":{"loc":{"start":{"line":8,"column":21},"end":{"line":8,"column":70}},"type":"binary-expr","locations":[{"start":{"line":8,"column":21},"end":{"line":8,"column":45}},{"start":{"line":8,"column":49},"end":{"line":8,"column":70}}],"line":8},"1":{"loc":{"start":{"line":9,"column":23},"end":{"line":9,"column":69}},"type":"binary-expr","locations":[{"start":{"line":9,"column":23},"end":{"line":9,"column":49}},{"start":{"line":9,"column":53},"end":{"line":9,"column":69}}],"line":9},"2":{"loc":{"start":{"line":14,"column":2},"end":{"line":16,"column":3}},"type":"if","locations":[{"start":{"line":14,"column":2},"end":{"line":16,"column":3}},{"start":{},"end":{}}],"line":14},"3":{"loc":{"start":{"line":49,"column":8},"end":{"line":49,"column":22}},"type":"binary-expr","locations":[{"start":{"line":49,"column":8},"end":{"line":49,"column":16}},{"start":{"line":49,"column":20},"end":{"line":49,"column":22}}],"line":49},"4":{"loc":{"start":{"line":55,"column":13},"end":{"line":55,"column":27}},"type":"binary-expr","locations":[{"start":{"line":55,"column":13},"end":{"line":55,"column":21}},{"start":{"line":55,"column":25},"end":{"line":55,"column":27}}],"line":55},"5":{"loc":{"start":{"line":104,"column":6},"end":{"line":107,"column":7}},"type":"if","locations":[{"start":{"line":104,"column":6},"end":{"line":107,"column":7}},{"start":{},"end":{}}],"line":104}},"s":{"0":1,"1":1,"2":1,"3":1,"4":1,"5":1,"6":1,"7":1,"8":1,"9":16,"10":16,"11":3,"12":13,"13":1,"14":3,"15":3,"16":3,"17":1,"18":1,"19":1,"20":2,"21":2,"22":1,"23":8,"24":8,"25":8,"26":7,"27":7,"28":7,"29":0,"30":0,"31":7,"32":1,"33":1,"34":1,"35":1,"36":1,"37":1,"38":1,"39":1,"40":0,"41":0,"42":1,"43":2,"44":2,"45":2,"46":2,"47":0,"48":0,"49":1,"50":1,"51":1,"52":1,"53":1,"54":1,"55":1,"56":0,"57":0,"58":1,"59":0,"60":0,"61":0,"62":0,"63":0,"64":0,"65":0,"66":0,"67":1,"68":0,"69":0,"70":0,"71":0,"72":0,"73":0,"74":0,"75":0,"76":1,"77":0,"78":0,"79":0,"80":0,"81":0,"82":0,"83":0,"84":0,"85":1},"f":{"0":16,"1":3,"2":8,"3":1,"4":2,"5":1,"6":0,"7":0,"8":0},"b":{"0":[1,1],"1":[1,1],"2":[3,13],"3":[3,3],"4":[1,1],"5":[0,7]},"_coverageSchema":"1a1c01bbd47fc00a2c39e90264f33305004495a9","hash":"eef8c8020e8e27a110c57eb24bd0bbf5f1837c78"}
,"E:\\server_ship\\blockchainCore\\apps\\gateway-nodejs\\src\\routes\\shipments.js": {"path":"E:\\server_ship\\blockchainCore\\apps\\gateway-nodejs\\src\\routes\\shipments.js","statementMap":{"0":{"start":{"line":1,"column":16},"end":{"line":1,"column":34}},"1":{"start":{"line":2,"column":15},"end":{"line":2,"column":31}},"2":{"start":{"line":3,"column":42},"end":{"line":3,"column":70}},"3":{"start":{"line":4,"column":21},"end":{"line":4,"column":53}},"4":{"start":{"line":5,"column":15},"end":{"line":5,"column":41}},"5":{"start":{"line":7,"column":21},"end":{"line":7,"column":70}},"6":{"start":{"line":8,"column":23},"end":{"line":8,"column":69}},"7":{"start":{"line":10,"column":17},"end":{"line":16,"column":1}},"8":{"start":{"line":11,"column":17},"end":{"line":11,"column":38}},"9":{"start":{"line":12,"column":2},"end":{"line":14,"column":3}},"10":{"start":{"line":13,"column":4},"end":{"line":13,"column":60}},"11":{"start":{"line":15,"column":2},"end":{"line":15,"column":9}},"12":{"start":{"line":23,"column":0},"end":{"line":60,"column":2}},"13":{"start":{"line":31,"column":4},"end":{"line":58,"column":5}},"14":{"start":{"line":32,"column":26},"end":{"line":32,"column":36}},"15":{"start":{"line":33,"column":40},"end":{"line":33,"column":48}},"16":{"start":{"line":35,"column":21},"end":{"line":42,"column":7}},"17":{"start":{"line":44,"column":6},"end":{"line":44,"column":64}},"18":{"start":{"line":46,"column":6},"end":{"line":50,"column":9}},"19":{"start":{"line":52,"column":6},"end":{"line":52,"column":54}},"20":{"start":{"line":53,"column":6},"end":{"line":57,"column":9}},"21":{"start":{"line":62,"column":0},"end":{"line":62,"column":24}}},"fnMap":{"0":{"name":"(anonymous_0)","decl":{"start":{"line":10,"column":17},"end":{"line":10,"column":18}},"loc":{"start":{"line":10,"column":37},"end":{"line":16,"column":1}},"line":10},"1":{"name":"(anonymous_1)","decl":{"start":{"line":30,"column":2},"end":{"line":30,"column":3}},"loc":{"start":{"line":30,"column":22},"end":{"line":59,"column":3}},"line":30}},"branchMap":{"0":{"loc":{"start":{"line":7,"column":21},"end":{"line":7,"column":70}},"type":"binary-expr","locations":[{"start":{"line":7,"column":21},"end":{"line":7,"column":45}},{"start":{"line":7,"column":49},"end":{"line":7,"column":70}}],"line":7},"1":{"loc":{"start":{"line":8,"column":23},"end":{"line":8,"column":69}},"type":"binary-expr","locations":[{"start":{"line":8,"column":23},"end":{"line":8,"column":49}},{"start":{"line":8,"column":53},"end":{"line":8,"column":69}}],"line":8},"2":{"loc":{"start":{"line":12,"column":2},"end":{"line":14,"column":3}},"type":"if","locations":[{"start":{"line":12,"column":2},"end":{"line":14,"column":3}},{"start":{},"end":{}}],"line":12}},"s":{"0":0,"1":0,"2":0,"3":0,"4":0,"5":0,"6":0,"7":0,"8":0,"9":0,"10":0,"11":0,"12":0,"13":0,"14":0,"15":0,"16":0,"17":0,"18":0,"19":0,"20":0,"21":0},"f":{"0":0,"1":0},"b":{"0":[0,0],"1":[0,0],"2":[0,0]}}
,"E:\\server_ship\\blockchainCore\\apps\\gateway-nodejs\\src\\utils\\database.js": {"path":"E:\\server_ship\\blockchainCore\\apps\\gateway-nodejs\\src\\utils\\database.js","statementMap":{"0":{"start":{"line":1,"column":17},"end":{"line":1,"column":30}},"1":{"start":{"line":2,"column":15},"end":{"line":2,"column":34}},"2":{"start":{"line":4,"column":13},"end":{"line":13,"column":2}},"3":{"start":{"line":15,"column":0},"end":{"line":17,"column":3}},"4":{"start":{"line":16,"column":2},"end":{"line":16,"column":66}},"5":{"start":{"line":19,"column":14},"end":{"line":30,"column":1}},"6":{"start":{"line":20,"column":16},"end":{"line":20,"column":26}},"7":{"start":{"line":21,"column":2},"end":{"line":29,"column":3}},"8":{"start":{"line":22,"column":16},"end":{"line":22,"column":46}},"9":{"start":{"line":23,"column":21},"end":{"line":23,"column":39}},"10":{"start":{"line":24,"column":4},"end":{"line":24,"column":75}},"11":{"start":{"line":25,"column":4},"end":{"line":25,"column":15}},"12":{"start":{"line":27,"column":4},"end":{"line":27,"column":49}},"13":{"start":{"line":28,"column":4},"end":{"line":28,"column":16}},"14":{"start":{"line":32,"column":18},"end":{"line":56,"column":1}},"15":{"start":{"line":33,"column":17},"end":{"line":33,"column":37}},"16":{"start":{"line":34,"column":16},"end":{"line":34,"column":28}},"17":{"start":{"line":35,"column":18},"end":{"line":35,"column":32}},"18":{"start":{"line":38,"column":18},"end":{"line":40,"column":10}},"19":{"start":{"line":39,"column":4},"end":{"line":39,"column":75}},"20":{"start":{"line":43,"column":2},"end":{"line":46,"column":4}},"21":{"start":{"line":44,"column":4},"end":{"line":44,"column":28}},"22":{"start":{"line":45,"column":4},"end":{"line":45,"column":37}},"23":{"start":{"line":48,"column":2},"end":{"line":53,"column":4}},"24":{"start":{"line":49,"column":4},"end":{"line":49,"column":26}},"25":{"start":{"line":50,"column":4},"end":{"line":50,"column":25}},"26":{"start":{"line":51,"column":4},"end":{"line":51,"column":29}},"27":{"start":{"line":52,"column":4},"end":{"line":52,"column":33}},"28":{"start":{"line":55,"column":2},"end":{"line":55,"column":16}},"29":{"start":{"line":58,"column":0},"end":{"line":62,"column":2}}},"fnMap":{"0":{"name":"(anonymous_0)","decl":{"start":{"line":15,"column":17},"end":{"line":15,"column":18}},"loc":{"start":{"line":15,"column":26},"end":{"line":17,"column":1}},"line":15},"1":{"name":"(anonymous_1)","decl":{"start":{"line":19,"column":14},"end":{"line":19,"column":15}},"loc":{"start":{"line":19,"column":38},"end":{"line":30,"column":1}},"line":19},"2":{"name":"(anonymous_2)","decl":{"start":{"line":32,"column":18},"end":{"line":32,"column":19}},"loc":{"start":{"line":32,"column":30},"end":{"line":56,"column":1}},"line":32},"3":{"name":"(anonymous_3)","decl":{"start":{"line":38,"column":29},"end":{"line":38,"column":30}},"loc":{"start":{"line":38,"column":35},"end":{"line":40,"column":3}},"line":38},"4":{"name":"(anonymous_4)","decl":{"start":{"line":43,"column":17},"end":{"line":43,"column":18}},"loc":{"start":{"line":43,"column":30},"end":{"line":46,"column":3}},"line":43},"5":{"name":"(anonymous_5)","decl":{"start":{"line":48,"column":19},"end":{"line":48,"column":20}},"loc":{"start":{"line":48,"column":25},"end":{"line":53,"column":3}},"line":48}},"branchMap":{"0":{"loc":{"start":{"line":5,"column":8},"end":{"line":5,"column":42}},"type":"binary-expr","locations":[{"start":{"line":5,"column":8},"end":{"line":5,"column":27}},{"start":{"line":5,"column":31},"end":{"line":5,"column":42}}],"line":5},"1":{"loc":{"start":{"line":6,"column":8},"end":{"line":6,"column":35}},"type":"binary-expr","locations":[{"start":{"line":6,"column":8},"end":{"line":6,"column":27}},{"start":{"line":6,"column":31},"end":{"line":6,"column":35}}],"line":6},"2":{"loc":{"start":{"line":7,"column":12},"end":{"line":7,"column":48}},"type":"binary-expr","locations":[{"start":{"line":7,"column":12},"end":{"line":7,"column":31}},{"start":{"line":7,"column":35},"end":{"line":7,"column":48}}],"line":7},"3":{"loc":{"start":{"line":8,"column":8},"end":{"line":8,"column":41}},"type":"binary-expr","locations":[{"start":{"line":8,"column":8},"end":{"line":8,"column":27}},{"start":{"line":8,"column":31},"end":{"line":8,"column":41}}],"line":8},"4":{"loc":{"start":{"line":9,"column":12},"end":{"line":9,"column":49}},"type":"binary-expr","locations":[{"start":{"line":9,"column":12},"end":{"line":9,"column":35}},{"start":{"line":9,"column":39},"end":{"line":9,"column":49}}],"line":9}},"s":{"0":0,"1":0,"2":0,"3":0,"4":0,"5":0,"6":0,"7":0,"8":0,"9":0,"10":0,"11":0,"12":0,"13":0,"14":0,"15":0,"16":0,"17":0,"18":0,"19":0,"20":0,"21":0,"22":0,"23":0,"24":0,"25":0,"26":0,"27":0,"28":0,"29":0},"f":{"0":0,"1":0,"2":0,"3":0,"4":0,"5":0},"b":{"0":[0,0],"1":[0,0],"2":[0,0],"3":[0,0],"4":[0,0]}}
,"E:\\server_ship\\blockchainCore\\apps\\gateway-nodejs\\src\\utils\\fabricClient.js": {"path":"E:\\server_ship\\blockchainCore\\apps\\gateway-nodejs\\src\\utils\\fabricClient.js","statementMap":{"0":{"start":{"line":1,"column":29},"end":{"line":1,"column":54}},"1":{"start":{"line":2,"column":25},"end":{"line":2,"column":52}},"2":{"start":{"line":3,"column":11},"end":{"line":3,"column":24}},"3":{"start":{"line":4,"column":13},"end":{"line":4,"column":28}},"4":{"start":{"line":5,"column":15},"end":{"line":5,"column":34}},"5":{"start":{"line":9,"column":4},"end":{"line":9,"column":24}},"6":{"start":{"line":10,"column":4},"end":{"line":10,"column":23}},"7":{"start":{"line":11,"column":4},"end":{"line":11,"column":34}},"8":{"start":{"line":15,"column":4},"end":{"line":33,"column":5}},"9":{"start":{"line":17,"column":22},"end":{"line":17,"column":106}},"10":{"start":{"line":19,"column":6},"end":{"line":21,"column":7}},"11":{"start":{"line":20,"column":8},"end":{"line":20,"column":70}},"12":{"start":{"line":23,"column":6},"end":{"line":23,"column":76}},"13":{"start":{"line":26,"column":25},"end":{"line":26,"column":91}},"14":{"start":{"line":27,"column":6},"end":{"line":27,"column":66}},"15":{"start":{"line":29,"column":6},"end":{"line":29,"column":60}},"16":{"start":{"line":31,"column":6},"end":{"line":31,"column":65}},"17":{"start":{"line":32,"column":6},"end":{"line":32,"column":18}},"18":{"start":{"line":37,"column":4},"end":{"line":62,"column":5}},"19":{"start":{"line":38,"column":6},"end":{"line":40,"column":7}},"20":{"start":{"line":39,"column":8},"end":{"line":39,"column":32}},"21":{"start":{"line":43,"column":23},"end":{"line":43,"column":52}},"22":{"start":{"line":44,"column":6},"end":{"line":46,"column":7}},"23":{"start":{"line":45,"column":8},"end":{"line":45,"column":88}},"24":{"start":{"line":49,"column":6},"end":{"line":49,"column":35}},"25":{"start":{"line":51,"column":6},"end":{"line":55,"column":9}},"26":{"start":{"line":57,"column":6},"end":{"line":57,"column":62}},"27":{"start":{"line":58,"column":6},"end":{"line":58,"column":26}},"28":{"start":{"line":60,"column":6},"end":{"line":60,"column":66}},"29":{"start":{"line":61,"column":6},"end":{"line":61,"column":18}},"30":{"start":{"line":66,"column":4},"end":{"line":69,"column":5}},"31":{"start":{"line":67,"column":6},"end":{"line":67,"column":38}},"32":{"start":{"line":68,"column":6},"end":{"line":68,"column":54}},"33":{"start":{"line":73,"column":4},"end":{"line":75,"column":5}},"34":{"start":{"line":74,"column":6},"end":{"line":74,"column":27}},"35":{"start":{"line":77,"column":20},"end":{"line":77,"column":62}},"36":{"start":{"line":78,"column":21},"end":{"line":78,"column":55}},"37":{"start":{"line":79,"column":4},"end":{"line":79,"column":20}},"38":{"start":{"line":83,"column":4},"end":{"line":92,"column":5}},"39":{"start":{"line":84,"column":23},"end":{"line":84,"column":73}},"40":{"start":{"line":85,"column":21},"end":{"line":85,"column":76}},"41":{"start":{"line":87,"column":6},"end":{"line":87,"column":72}},"42":{"start":{"line":88,"column":6},"end":{"line":88,"column":31}},"43":{"start":{"line":90,"column":6},"end":{"line":90,"column":75}},"44":{"start":{"line":91,"column":6},"end":{"line":91,"column":18}},"45":{"start":{"line":96,"column":4},"end":{"line":105,"column":5}},"46":{"start":{"line":97,"column":23},"end":{"line":97,"column":73}},"47":{"start":{"line":98,"column":21},"end":{"line":98,"column":78}},"48":{"start":{"line":100,"column":6},"end":{"line":100,"column":72}},"49":{"start":{"line":101,"column":6},"end":{"line":101,"column":31}},"50":{"start":{"line":103,"column":6},"end":{"line":103,"column":77}},"51":{"start":{"line":104,"column":6},"end":{"line":104,"column":18}},"52":{"start":{"line":109,"column":4},"end":{"line":137,"column":5}},"53":{"start":{"line":111,"column":23},"end":{"line":111,"column":57}},"54":{"start":{"line":112,"column":6},"end":{"line":115,"column":7}},"55":{"start":{"line":113,"column":8},"end":{"line":113,"column":69}},"56":{"start":{"line":114,"column":8},"end":{"line":114,"column":15}},"57":{"start":{"line":118,"column":25},"end":{"line":121,"column":8}},"58":{"start":{"line":123,"column":27},"end":{"line":130,"column":7}},"59":{"start":{"line":132,"column":6},"end":{"line":132,"column":55}},"60":{"start":{"line":133,"column":6},"end":{"line":133,"column":64}},"61":{"start":{"line":135,"column":6},"end":{"line":135,"column":53}},"62":{"start":{"line":136,"column":6},"end":{"line":136,"column":18}},"63":{"start":{"line":141,"column":4},"end":{"line":186,"column":5}},"64":{"start":{"line":143,"column":27},"end":{"line":143,"column":56}},"65":{"start":{"line":144,"column":6},"end":{"line":147,"column":7}},"66":{"start":{"line":145,"column":8},"end":{"line":145,"column":63}},"67":{"start":{"line":146,"column":8},"end":{"line":146,"column":15}},"68":{"start":{"line":150,"column":28},"end":{"line":150,"column":62}},"69":{"start":{"line":151,"column":6},"end":{"line":153,"column":7}},"70":{"start":{"line":152,"column":8},"end":{"line":152,"column":68}},"71":{"start":{"line":156,"column":23},"end":{"line":156,"column":88}},"72":{"start":{"line":157,"column":24},"end":{"line":157,"column":81}},"73":{"start":{"line":160,"column":21},"end":{"line":164,"column":19}},"74":{"start":{"line":167,"column":25},"end":{"line":170,"column":8}},"75":{"start":{"line":172,"column":27},"end":{"line":179,"column":7}},"76":{"start":{"line":181,"column":6},"end":{"line":181,"column":50}},"77":{"start":{"line":182,"column":6},"end":{"line":182,"column":73}},"78":{"start":{"line":184,"column":6},"end":{"line":184,"column":54}},"79":{"start":{"line":185,"column":6},"end":{"line":185,"column":18}},"80":{"start":{"line":190,"column":0},"end":{"line":190,"column":36}}},"fnMap":{"0":{"name":"(anonymous_0)","decl":{"start":{"line":8,"column":2},"end":{"line":8,"column":3}},"loc":{"start":{"line":8,"column":16},"end":{"line":12,"column":3}},"line":8},"1":{"name":"(anonymous_1)","decl":{"start":{"line":14,"column":2},"end":{"line":14,"column":3}},"loc":{"start":{"line":14,"column":21},"end":{"line":34,"column":3}},"line":14},"2":{"name":"(anonymous_2)","decl":{"start":{"line":36,"column":2},"end":{"line":36,"column":3}},"loc":{"start":{"line":36,"column":36},"end":{"line":63,"column":3}},"line":36},"3":{"name":"(anonymous_3)","decl":{"start":{"line":65,"column":2},"end":{"line":65,"column":3}},"loc":{"start":{"line":65,"column":21},"end":{"line":70,"column":3}},"line":65},"4":{"name":"(anonymous_4)","decl":{"start":{"line":72,"column":2},"end":{"line":72,"column":3}},"loc":{"start":{"line":72,"column":48},"end":{"line":80,"column":3}},"line":72},"5":{"name":"(anonymous_5)","decl":{"start":{"line":82,"column":2},"end":{"line":82,"column":3}},"loc":{"start":{"line":82,"column":77},"end":{"line":93,"column":3}},"line":82},"6":{"name":"(anonymous_6)","decl":{"start":{"line":95,"column":2},"end":{"line":95,"column":3}},"loc":{"start":{"line":95,"column":79},"end":{"line":106,"column":3}},"line":95},"7":{"name":"(anonymous_7)","decl":{"start":{"line":108,"column":2},"end":{"line":108,"column":3}},"loc":{"start":{"line":108,"column":88},"end":{"line":138,"column":3}},"line":108},"8":{"name":"(anonymous_8)","decl":{"start":{"line":140,"column":2},"end":{"line":140,"column":3}},"loc":{"start":{"line":140,"column":62},"end":{"line":187,"column":3}},"line":140}},"branchMap":{"0":{"loc":{"start":{"line":19,"column":6},"end":{"line":21,"column":7}},"type":"if","locations":[{"start":{"line":19,"column":6},"end":{"line":21,"column":7}},{"start":{},"end":{}}],"line":19},"1":{"loc":{"start":{"line":26,"column":55},"end":{"line":26,"column":90}},"type":"binary-expr","locations":[{"start":{"line":26,"column":55},"end":{"line":26,"column":78}},{"start":{"line":26,"column":82},"end":{"line":26,"column":90}}],"line":26},"2":{"loc":{"start":{"line":36,"column":16},"end":{"line":36,"column":34}},"type":"default-arg","locations":[{"start":{"line":36,"column":25},"end":{"line":36,"column":34}}],"line":36},"3":{"loc":{"start":{"line":38,"column":6},"end":{"line":40,"column":7}},"type":"if","locations":[{"start":{"line":38,"column":6},"end":{"line":40,"column":7}},{"start":{},"end":{}}],"line":38},"4":{"loc":{"start":{"line":44,"column":6},"end":{"line":46,"column":7}},"type":"if","locations":[{"start":{"line":44,"column":6},"end":{"line":46,"column":7}},{"start":{},"end":{}}],"line":44},"5":{"loc":{"start":{"line":66,"column":4},"end":{"line":69,"column":5}},"type":"if","locations":[{"start":{"line":66,"column":4},"end":{"line":69,"column":5}},{"start":{},"end":{}}],"line":66},"6":{"loc":{"start":{"line":73,"column":4},"end":{"line":75,"column":5}},"type":"if","locations":[{"start":{"line":73,"column":4},"end":{"line":75,"column":5}},{"start":{},"end":{}}],"line":73},"7":{"loc":{"start":{"line":108,"column":40},"end":{"line":108,"column":61}},"type":"default-arg","locations":[{"start":{"line":108,"column":54},"end":{"line":108,"column":61}}],"line":108},"8":{"loc":{"start":{"line":108,"column":63},"end":{"line":108,"column":86}},"type":"default-arg","locations":[{"start":{"line":108,"column":77},"end":{"line":108,"column":86}}],"line":108},"9":{"loc":{"start":{"line":112,"column":6},"end":{"line":115,"column":7}},"type":"if","locations":[{"start":{"line":112,"column":6},"end":{"line":115,"column":7}},{"start":{},"end":{}}],"line":112},"10":{"loc":{"start":{"line":144,"column":6},"end":{"line":147,"column":7}},"type":"if","locations":[{"start":{"line":144,"column":6},"end":{"line":147,"column":7}},{"start":{},"end":{}}],"line":144},"11":{"loc":{"start":{"line":151,"column":6},"end":{"line":153,"column":7}},"type":"if","locations":[{"start":{"line":151,"column":6},"end":{"line":153,"column":7}},{"start":{},"end":{}}],"line":151}},"s":{"0":0,"1":0,"2":0,"3":0,"4":0,"5":0,"6":0,"7":0,"8":0,"9":0,"10":0,"11":0,"12":0,"13":0,"14":0,"15":0,"16":0,"17":0,"18":0,"19":0,"20":0,"21":0,"22":0,"23":0,"24":0,"25":0,"26":0,"27":0,"28":0,"29":0,"30":0,"31":0,"32":0,"33":0,"34":0,"35":0,"36":0,"37":0,"38":0,"39":0,"40":0,"41":0,"42":0,"43":0,"44":0,"45":0,"46":0,"47":0,"48":0,"49":0,"50":0,"51":0,"52":0,"53":0,"54":0,"55":0,"56":0,"57":0,"58":0,"59":0,"60":0,"61":0,"62":0,"63":0,"64":0,"65":0,"66":0,"67":0,"68":0,"69":0,"70":0,"71":0,"72":0,"73":0,"74":0,"75":0,"76":0,"77":0,"78":0,"79":0,"80":0},"f":{"0":0,"1":0,"2":0,"3":0,"4":0,"5":0,"6":0,"7":0,"8":0},"b":{"0":[0,0],"1":[0,0],"2":[0],"3":[0,0],"4":[0,0],"5":[0,0],"6":[0,0],"7":[0],"8":[0],"9":[0,0],"10":[0,0],"11":[0,0]}}
,"E:\\server_ship\\blockchainCore\\apps\\gateway-nodejs\\src\\utils\\logger.js": {"path":"E:\\server_ship\\blockchainCore\\apps\\gateway-nodejs\\src\\utils\\logger.js","statementMap":{"0":{"start":{"line":1,"column":16},"end":{"line":1,"column":34}},"1":{"start":{"line":3,"column":15},"end":{"line":16,"column":2}},"2":{"start":{"line":19,"column":0},"end":{"line":26,"column":1}},"3":{"start":{"line":20,"column":2},"end":{"line":25,"column":6}},"4":{"start":{"line":28,"column":0},"end":{"line":28,"column":24}}},"fnMap":{},"branchMap":{"0":{"loc":{"start":{"line":4,"column":9},"end":{"line":4,"column":40}},"type":"binary-expr","locations":[{"start":{"line":4,"column":9},"end":{"line":4,"column":30}},{"start":{"line":4,"column":34},"end":{"line":4,"column":40}}],"line":4},"1":{"loc":{"start":{"line":19,"column":0},"end":{"line":26,"column":1}},"type":"if","locations":[{"start":{"line":19,"column":0},"end":{"line":26,"column":1}},{"start":{},"end":{}}],"line":19}},"s":{"0":0,"1":0,"2":0,"3":0,"4":0},"f":{},"b":{"0":[0,0],"1":[0,0]}}
}
