TN:
SF:src\middleware\auth.js
FN:23,(anonymous_0)
FN:95,(anonymous_1)
FN:96,(anonymous_2)
FN:120,(anonymous_3)
FN:121,(anonymous_4)
FN:144,(anonymous_5)
FNF:6
FNH:0
FNDA:0,(anonymous_0)
FNDA:0,(anonymous_1)
FNDA:0,(anonymous_2)
FNDA:0,(anonymous_3)
FNDA:0,(anonymous_4)
FNDA:0,(anonymous_5)
DA:6,0
DA:7,0
DA:12,0
DA:23,0
DA:24,0
DA:26,0
DA:28,0
DA:29,0
DA:36,0
DA:38,0
DA:39,0
DA:46,0
DA:47,0
DA:48,0
DA:55,0
DA:56,0
DA:57,0
DA:64,0
DA:65,0
DA:72,0
DA:79,0
DA:80,0
DA:82,0
DA:83,0
DA:95,0
DA:96,0
DA:97,0
DA:98,0
DA:104,0
DA:105,0
DA:112,0
DA:120,0
DA:121,0
DA:122,0
DA:123,0
DA:129,0
DA:130,0
DA:137,0
DA:144,0
DA:145,0
DA:148,0
LF:41
LH:0
BRDA:28,0,0,0
BRDA:28,0,1,0
BRDA:38,1,0,0
BRDA:38,1,1,0
BRDA:38,2,0,0
BRDA:38,2,1,0
BRDA:47,3,0,0
BRDA:47,3,1,0
BRDA:56,4,0,0
BRDA:56,4,1,0
BRDA:64,5,0,0
BRDA:64,5,1,0
BRDA:97,6,0,0
BRDA:97,6,1,0
BRDA:104,7,0,0
BRDA:104,7,1,0
BRDA:122,8,0,0
BRDA:122,8,1,0
BRDA:129,9,0,0
BRDA:129,9,1,0
BRDA:145,10,0,0
BRDA:145,10,1,0
BRF:22
BRH:0
end_of_record
TN:
SF:src\middleware\errorHandler.js
FN:3,(anonymous_0)
FNF:1
FNH:0
FNDA:0,(anonymous_0)
DA:1,0
DA:3,0
DA:4,0
DA:12,0
DA:13,0
DA:20,0
DA:21,0
DA:29,0
DA:36,0
LF:9
LH:0
BRDA:12,0,0,0
BRDA:12,0,1,0
BRDA:12,1,0,0
BRDA:12,1,1,0
BRDA:20,2,0,0
BRDA:20,2,1,0
BRDA:20,3,0,0
BRDA:20,3,1,0
BRDA:29,4,0,0
BRDA:29,4,1,0
BRDA:31,5,0,0
BRDA:31,5,1,0
BRDA:32,6,0,0
BRDA:32,6,1,0
BRF:14
BRH:0
end_of_record
TN:
SF:src\middleware\mspValidation.js
FN:30,(anonymous_0)
FN:68,(anonymous_1)
FN:71,(anonymous_2)
FN:73,(anonymous_3)
FN:151,(anonymous_4)
FN:182,(anonymous_5)
FN:192,(anonymous_6)
FNF:7
FNH:0
FNDA:0,(anonymous_0)
FNDA:0,(anonymous_1)
FNDA:0,(anonymous_2)
FNDA:0,(anonymous_3)
FNDA:0,(anonymous_4)
FNDA:0,(anonymous_5)
FNDA:0,(anonymous_6)
DA:11,0
DA:12,0
DA:17,0
DA:30,0
DA:31,0
DA:33,0
DA:34,0
DA:38,0
DA:39,0
DA:40,0
DA:43,0
DA:46,0
DA:47,0
DA:48,0
DA:51,0
DA:68,0
DA:70,0
DA:71,0
DA:73,0
DA:74,0
DA:76,0
DA:78,0
DA:81,0
DA:82,0
DA:83,0
DA:96,0
DA:100,0
DA:101,0
DA:102,0
DA:105,0
DA:106,0
DA:110,0
DA:111,0
DA:112,0
DA:113,0
DA:124,0
DA:125,0
DA:128,0
DA:130,0
DA:131,0
DA:138,0
DA:151,0
DA:152,0
DA:153,0
DA:154,0
DA:157,0
DA:158,0
DA:159,0
DA:161,0
DA:164,0
DA:165,0
DA:169,0
DA:170,0
DA:171,0
DA:173,0
DA:175,0
DA:182,0
DA:183,0
DA:192,0
DA:193,0
DA:194,0
DA:195,0
DA:199,0
DA:200,0
DA:203,0
DA:204,0
DA:205,0
DA:207,0
DA:214,0
DA:217,0
DA:223,0
DA:224,0
DA:225,0
DA:232,0
DA:233,0
DA:234,0
DA:235,0
DA:245,0
DA:246,0
DA:249,0
DA:251,0
DA:252,0
DA:258,0
DA:266,0
LF:84
LH:0
BRDA:33,0,0,0
BRDA:33,0,1,0
BRDA:39,1,0,0
BRDA:39,1,1,0
BRDA:47,2,0,0
BRDA:47,2,1,0
BRDA:70,3,0,0
BRDA:70,3,1,0
BRDA:81,4,0,0
BRDA:81,4,1,0
BRDA:111,5,0,0
BRDA:111,5,1,0
BRDA:130,6,0,0
BRDA:130,6,1,0
BRDA:130,7,0,0
BRDA:130,7,1,0
BRDA:183,8,0,0
BRDA:183,8,1,0
BRDA:204,9,0,0
BRDA:204,9,1,0
BRDA:205,10,0,0
BRDA:205,10,1,0
BRDA:224,11,0,0
BRDA:224,11,1,0
BRDA:233,12,0,0
BRDA:233,12,1,0
BRDA:251,13,0,0
BRDA:251,13,1,0
BRF:28
BRH:0
end_of_record
TN:
SF:src\routes\auth.js
FN:13,(anonymous_0)
FN:33,(anonymous_1)
FN:139,(anonymous_2)
FN:144,(anonymous_3)
FN:174,(anonymous_4)
FN:219,(anonymous_5)
FNF:6
FNH:0
FNDA:0,(anonymous_0)
FNDA:0,(anonymous_1)
FNDA:0,(anonymous_2)
FNDA:0,(anonymous_3)
FNDA:0,(anonymous_4)
FNDA:0,(anonymous_5)
DA:6,0
DA:7,0
DA:8,0
DA:9,0
DA:10,0
DA:11,0
DA:13,0
DA:14,0
DA:15,0
DA:16,0
DA:18,0
DA:26,0
DA:34,0
DA:35,0
DA:38,0
DA:39,0
DA:40,0
DA:47,0
DA:48,0
DA:49,0
DA:55,0
DA:58,0
DA:59,0
DA:63,0
DA:64,0
DA:66,0
DA:69,0
DA:73,0
DA:74,0
DA:77,0
DA:78,0
DA:83,0
DA:86,0
DA:87,0
DA:88,0
DA:93,0
DA:94,0
DA:97,0
DA:98,0
DA:108,0
DA:110,0
DA:112,0
DA:124,0
DA:125,0
DA:139,0
DA:140,0
DA:141,0
DA:143,0
DA:145,0
DA:146,0
DA:154,0
DA:160,0
DA:161,0
DA:174,0
DA:175,0
DA:176,0
DA:178,0
DA:179,0
DA:185,0
DA:186,0
DA:188,0
DA:189,0
DA:195,0
DA:205,0
DA:206,0
DA:219,0
DA:220,0
DA:221,0
DA:223,0
DA:224,0
DA:225,0
DA:231,0
DA:232,0
DA:234,0
DA:239,0
DA:240,0
DA:248,0
LF:77
LH:0
BRDA:15,0,0,0
BRDA:15,0,1,0
BRDA:35,1,0,0
BRDA:39,2,0,0
BRDA:39,2,1,0
BRDA:48,3,0,0
BRDA:48,3,1,0
BRDA:64,4,0,0
BRDA:64,4,1,0
BRDA:71,5,0,0
BRDA:71,5,1,0
BRDA:73,6,0,0
BRDA:73,6,1,0
BRDA:77,7,0,0
BRDA:77,7,1,0
BRDA:87,8,0,0
BRDA:87,8,1,0
BRDA:178,9,0,0
BRDA:178,9,1,0
BRDA:188,10,0,0
BRDA:188,10,1,0
BRDA:224,11,0,0
BRDA:224,11,1,0
BRF:23
BRH:0
end_of_record
TN:
SF:src\routes\handovers.js
FN:11,(anonymous_0)
FN:32,(anonymous_1)
FN:72,(anonymous_2)
FN:110,(anonymous_3)
FN:167,(anonymous_4)
FN:228,(anonymous_5)
FNF:6
FNH:0
FNDA:0,(anonymous_0)
FNDA:0,(anonymous_1)
FNDA:0,(anonymous_2)
FNDA:0,(anonymous_3)
FNDA:0,(anonymous_4)
FNDA:0,(anonymous_5)
DA:1,0
DA:2,0
DA:3,0
DA:4,0
DA:5,0
DA:7,0
DA:8,0
DA:11,0
DA:12,0
DA:13,0
DA:14,0
DA:16,0
DA:24,0
DA:33,0
DA:34,0
DA:36,0
DA:38,0
DA:48,0
DA:50,0
DA:58,0
DA:59,0
DA:72,0
DA:73,0
DA:74,0
DA:76,0
DA:82,0
DA:83,0
DA:85,0
DA:87,0
DA:94,0
DA:95,0
DA:107,0
DA:111,0
DA:112,0
DA:114,0
DA:116,0
DA:123,0
DA:124,0
DA:125,0
DA:126,0
DA:132,0
DA:138,0
DA:140,0
DA:141,0
DA:147,0
DA:160,0
DA:168,0
DA:169,0
DA:170,0
DA:172,0
DA:174,0
DA:183,0
DA:185,0
DA:192,0
DA:194,0
DA:195,0
DA:201,0
DA:202,0
DA:208,0
DA:221,0
DA:229,0
DA:230,0
DA:231,0
DA:233,0
DA:235,0
DA:244,0
DA:246,0
DA:253,0
DA:255,0
DA:256,0
DA:262,0
DA:270,0
LF:72
LH:0
BRDA:7,0,0,0
BRDA:7,0,1,0
BRDA:8,1,0,0
BRDA:8,1,1,0
BRDA:13,2,0,0
BRDA:13,2,1,0
BRDA:82,3,0,0
BRDA:82,3,1,0
BRDA:83,4,0,0
BRDA:83,4,1,0
BRDA:83,5,0,0
BRDA:83,5,1,0
BRDA:85,6,0,0
BRDA:85,6,1,0
BRDA:89,7,0,0
BRDA:89,7,1,0
BRDA:90,8,0,0
BRDA:90,8,1,0
BRDA:123,9,0,0
BRDA:123,9,1,0
BRDA:124,10,0,0
BRDA:124,10,1,0
BRDA:124,11,0,0
BRDA:124,11,1,0
BRDA:125,12,0,0
BRDA:125,12,1,0
BRDA:140,13,0,0
BRDA:140,13,1,0
BRDA:194,14,0,0
BRDA:194,14,1,0
BRDA:201,15,0,0
BRDA:201,15,1,0
BRDA:255,16,0,0
BRDA:255,16,1,0
BRF:34
BRH:0
end_of_record
TN:
SF:src\routes\handovers.v2.js
FN:13,(anonymous_0)
FN:43,(anonymous_1)
FN:68,(anonymous_2)
FN:148,(anonymous_3)
FN:171,(anonymous_4)
FN:249,(anonymous_5)
FN:349,(anonymous_6)
FN:438,(anonymous_7)
FN:479,(anonymous_8)
FNF:9
FNH:0
FNDA:0,(anonymous_0)
FNDA:0,(anonymous_1)
FNDA:0,(anonymous_2)
FNDA:0,(anonymous_3)
FNDA:0,(anonymous_4)
FNDA:0,(anonymous_5)
FNDA:0,(anonymous_6)
FNDA:0,(anonymous_7)
FNDA:0,(anonymous_8)
DA:1,0
DA:2,0
DA:3,0
DA:4,0
DA:5,0
DA:6,0
DA:7,0
DA:9,0
DA:10,0
DA:13,0
DA:14,0
DA:15,0
DA:16,0
DA:21,0
DA:35,0
DA:44,0
DA:45,0
DA:46,0
DA:47,0
DA:49,0
DA:52,0
DA:53,0
DA:56,0
DA:68,0
DA:70,0
DA:77,0
DA:78,0
DA:82,0
DA:84,0
DA:101,0
DA:104,0
DA:105,0
DA:110,0
DA:111,0
DA:116,0
DA:117,0
DA:123,0
DA:141,0
DA:149,0
DA:150,0
DA:151,0
DA:152,0
DA:154,0
DA:157,0
DA:158,0
DA:161,0
DA:171,0
DA:173,0
DA:180,0
DA:181,0
DA:185,0
DA:187,0
DA:203,0
DA:206,0
DA:207,0
DA:212,0
DA:213,0
DA:218,0
DA:219,0
DA:225,0
DA:242,0
DA:250,0
DA:251,0
DA:252,0
DA:253,0
DA:254,0
DA:256,0
DA:259,0
DA:266,0
DA:267,0
DA:268,0
DA:274,0
DA:277,0
DA:278,0
DA:281,0
DA:290,0
DA:292,0
DA:303,0
DA:306,0
DA:307,0
DA:312,0
DA:313,0
DA:318,0
DA:319,0
DA:325,0
DA:342,0
DA:350,0
DA:351,0
DA:352,0
DA:353,0
DA:354,0
DA:356,0
DA:359,0
DA:366,0
DA:367,0
DA:368,0
DA:375,0
DA:376,0
DA:379,0
DA:388,0
DA:390,0
DA:402,0
DA:405,0
DA:406,0
DA:411,0
DA:412,0
DA:417,0
DA:418,0
DA:424,0
DA:438,0
DA:439,0
DA:440,0
DA:443,0
DA:449,0
DA:450,0
DA:452,0
DA:454,0
DA:461,0
DA:462,0
DA:475,0
DA:480,0
DA:481,0
DA:483,0
DA:486,0
DA:493,0
DA:494,0
DA:496,0
DA:497,0
DA:503,0
DA:509,0
DA:511,0
DA:512,0
DA:518,0
DA:526,0
LF:134
LH:0
BRDA:9,0,0,0
BRDA:9,0,1,0
BRDA:10,1,0,0
BRDA:10,1,1,0
BRDA:15,2,0,0
BRDA:15,2,1,0
BRDA:77,3,0,0
BRDA:77,3,1,0
BRDA:78,4,0,0
BRDA:78,4,1,0
BRDA:78,5,0,0
BRDA:78,5,1,0
BRDA:104,6,0,0
BRDA:104,6,1,0
BRDA:110,7,0,0
BRDA:110,7,1,0
BRDA:116,8,0,0
BRDA:116,8,1,0
BRDA:180,9,0,0
BRDA:180,9,1,0
BRDA:181,10,0,0
BRDA:181,10,1,0
BRDA:181,11,0,0
BRDA:181,11,1,0
BRDA:206,12,0,0
BRDA:206,12,1,0
BRDA:212,13,0,0
BRDA:212,13,1,0
BRDA:218,14,0,0
BRDA:218,14,1,0
BRDA:266,15,0,0
BRDA:266,15,1,0
BRDA:267,16,0,0
BRDA:267,16,1,0
BRDA:267,17,0,0
BRDA:267,17,1,0
BRDA:306,18,0,0
BRDA:306,18,1,0
BRDA:306,19,0,0
BRDA:306,19,1,0
BRDA:312,20,0,0
BRDA:312,20,1,0
BRDA:318,21,0,0
BRDA:318,21,1,0
BRDA:366,22,0,0
BRDA:366,22,1,0
BRDA:367,23,0,0
BRDA:367,23,1,0
BRDA:367,24,0,0
BRDA:367,24,1,0
BRDA:405,25,0,0
BRDA:405,25,1,0
BRDA:405,26,0,0
BRDA:405,26,1,0
BRDA:411,27,0,0
BRDA:411,27,1,0
BRDA:417,28,0,0
BRDA:417,28,1,0
BRDA:449,29,0,0
BRDA:449,29,1,0
BRDA:450,30,0,0
BRDA:450,30,1,0
BRDA:450,31,0,0
BRDA:450,31,1,0
BRDA:493,32,0,0
BRDA:493,32,1,0
BRDA:494,33,0,0
BRDA:494,33,1,0
BRDA:494,34,0,0
BRDA:494,34,1,0
BRDA:496,35,0,0
BRDA:496,35,1,0
BRDA:511,36,0,0
BRDA:511,36,1,0
BRF:74
BRH:0
end_of_record
TN:
SF:src\routes\orders.js
FN:10,(anonymous_0)
FN:32,(anonymous_1)
FNF:2
FNH:0
FNDA:0,(anonymous_0)
FNDA:0,(anonymous_1)
DA:1,0
DA:2,0
DA:3,0
DA:4,0
DA:5,0
DA:7,0
DA:8,0
DA:10,0
DA:11,0
DA:12,0
DA:13,0
DA:15,0
DA:23,0
DA:33,0
DA:34,0
DA:36,0
DA:47,0
DA:49,0
DA:55,0
DA:56,0
DA:65,0
LF:21
LH:0
BRDA:7,0,0,0
BRDA:7,0,1,0
BRDA:8,1,0,0
BRDA:8,1,1,0
BRDA:12,2,0,0
BRDA:12,2,1,0
BRF:6
BRH:0
end_of_record
TN:
SF:src\routes\products.js
FN:12,(anonymous_0)
FN:35,(anonymous_1)
FN:84,(anonymous_2)
FN:138,(anonymous_3)
FN:171,(anonymous_4)
FN:210,(anonymous_5)
FN:254,(anonymous_6)
FN:296,(anonymous_7)
FN:338,(anonymous_8)
FNF:9
FNH:6
FNDA:38,(anonymous_0)
FNDA:5,(anonymous_1)
FNDA:22,(anonymous_2)
FNDA:3,(anonymous_3)
FNDA:4,(anonymous_4)
FNDA:1,(anonymous_5)
FNDA:0,(anonymous_6)
FNDA:0,(anonymous_7)
FNDA:0,(anonymous_8)
DA:1,2
DA:2,2
DA:3,2
DA:4,2
DA:5,2
DA:6,2
DA:8,2
DA:9,2
DA:12,2
DA:13,38
DA:14,38
DA:15,7
DA:17,31
DA:25,2
DA:36,5
DA:37,5
DA:40,5
DA:53,2
DA:58,2
DA:60,2
DA:66,5
DA:67,5
DA:81,2
DA:85,22
DA:86,22
DA:89,22
DA:96,21
DA:97,0
DA:98,0
DA:105,0
DA:110,0
DA:111,0
DA:112,0
DA:115,0
DA:120,22
DA:121,22
DA:135,2
DA:139,3
DA:140,3
DA:142,3
DA:149,3
DA:151,0
DA:156,3
DA:157,3
DA:171,2
DA:172,4
DA:173,4
DA:180,4
DA:182,0
DA:188,4
DA:189,4
DA:202,2
DA:211,1
DA:212,1
DA:213,1
DA:215,1
DA:225,1
DA:227,1
DA:233,0
DA:234,0
DA:248,2
DA:255,0
DA:256,0
DA:257,0
DA:259,0
DA:267,0
DA:269,0
DA:275,0
DA:276,0
DA:290,2
DA:297,0
DA:298,0
DA:299,0
DA:301,0
DA:309,0
DA:311,0
DA:317,0
DA:318,0
DA:332,2
DA:339,0
DA:340,0
DA:341,0
DA:343,0
DA:351,0
DA:353,0
DA:359,0
DA:360,0
DA:369,2
LF:88
LH:53
BRDA:8,0,0,2
BRDA:8,0,1,2
BRDA:9,1,0,2
BRDA:9,1,1,2
BRDA:14,2,0,7
BRDA:14,2,1,31
BRDA:49,3,0,5
BRDA:49,3,1,4
BRDA:55,4,0,2
BRDA:55,4,1,1
BRDA:63,5,0,0
BRDA:63,5,1,0
BRDA:63,6,0,2
BRDA:63,6,1,2
BRDA:96,7,0,0
BRDA:96,7,1,0
BRDA:96,8,0,21
BRDA:96,8,1,21
BRDA:97,9,0,0
BRDA:97,9,1,0
BRDA:110,10,0,0
BRDA:110,10,1,0
BRDA:149,11,0,0
BRDA:149,11,1,0
BRDA:149,12,0,3
BRDA:149,12,1,3
BRDA:180,13,0,0
BRDA:180,13,1,0
BRDA:180,14,0,4
BRDA:180,14,1,4
BRF:30
BRH:18
end_of_record
TN:
SF:src\routes\products.v2.js
FN:12,(anonymous_0)
FN:41,(anonymous_1)
FN:112,(anonymous_2)
FN:172,(anonymous_3)
FN:222,(anonymous_4)
FN:273,(anonymous_5)
FN:342,(anonymous_6)
FN:412,(anonymous_7)
FNF:8
FNH:0
FNDA:0,(anonymous_0)
FNDA:0,(anonymous_1)
FNDA:0,(anonymous_2)
FNDA:0,(anonymous_3)
FNDA:0,(anonymous_4)
FNDA:0,(anonymous_5)
FNDA:0,(anonymous_6)
FNDA:0,(anonymous_7)
DA:1,0
DA:2,0
DA:3,0
DA:4,0
DA:5,0
DA:6,0
DA:8,0
DA:9,0
DA:12,0
DA:13,0
DA:14,0
DA:15,0
DA:20,0
DA:30,0
DA:42,0
DA:43,0
DA:45,0
DA:48,0
DA:60,0
DA:62,0
DA:78,0
DA:81,0
DA:82,0
DA:87,0
DA:88,0
DA:94,0
DA:108,0
DA:113,0
DA:114,0
DA:116,0
DA:119,0
DA:126,0
DA:127,0
DA:129,0
DA:130,0
DA:136,0
DA:138,0
DA:144,0
DA:146,0
DA:147,0
DA:153,0
DA:168,0
DA:173,0
DA:174,0
DA:176,0
DA:179,0
DA:186,0
DA:187,0
DA:189,0
DA:191,0
DA:198,0
DA:200,0
DA:201,0
DA:207,0
DA:222,0
DA:223,0
DA:224,0
DA:227,0
DA:233,0
DA:234,0
DA:236,0
DA:238,0
DA:245,0
DA:246,0
DA:247,0
DA:252,0
DA:266,0
DA:274,0
DA:275,0
DA:276,0
DA:278,0
DA:281,0
DA:289,0
DA:291,0
DA:303,0
DA:306,0
DA:307,0
DA:312,0
DA:313,0
DA:319,0
DA:335,0
DA:343,0
DA:344,0
DA:345,0
DA:347,0
DA:350,0
DA:358,0
DA:360,0
DA:373,0
DA:376,0
DA:377,0
DA:382,0
DA:383,0
DA:389,0
DA:405,0
DA:413,0
DA:414,0
DA:415,0
DA:417,0
DA:420,0
DA:428,0
DA:430,0
DA:443,0
DA:446,0
DA:447,0
DA:452,0
DA:453,0
DA:459,0
DA:467,0
LF:109
LH:0
BRDA:8,0,0,0
BRDA:8,0,1,0
BRDA:9,1,0,0
BRDA:9,1,1,0
BRDA:14,2,0,0
BRDA:14,2,1,0
BRDA:57,3,0,0
BRDA:57,3,1,0
BRDA:81,4,0,0
BRDA:81,4,1,0
BRDA:87,5,0,0
BRDA:87,5,1,0
BRDA:126,6,0,0
BRDA:126,6,1,0
BRDA:127,7,0,0
BRDA:127,7,1,0
BRDA:127,8,0,0
BRDA:127,8,1,0
BRDA:129,9,0,0
BRDA:129,9,1,0
BRDA:146,10,0,0
BRDA:146,10,1,0
BRDA:186,11,0,0
BRDA:186,11,1,0
BRDA:187,12,0,0
BRDA:187,12,1,0
BRDA:187,13,0,0
BRDA:187,13,1,0
BRDA:200,14,0,0
BRDA:200,14,1,0
BRDA:233,15,0,0
BRDA:233,15,1,0
BRDA:234,16,0,0
BRDA:234,16,1,0
BRDA:234,17,0,0
BRDA:234,17,1,0
BRDA:254,18,0,0
BRDA:254,18,1,0
BRDA:306,19,0,0
BRDA:306,19,1,0
BRDA:312,20,0,0
BRDA:312,20,1,0
BRDA:376,21,0,0
BRDA:376,21,1,0
BRDA:382,22,0,0
BRDA:382,22,1,0
BRDA:446,23,0,0
BRDA:446,23,1,0
BRDA:452,24,0,0
BRDA:452,24,1,0
BRF:50
BRH:0
end_of_record
TN:
SF:src\routes\shipments.js
FN:10,(anonymous_0)
FN:30,(anonymous_1)
FNF:2
FNH:0
FNDA:0,(anonymous_0)
FNDA:0,(anonymous_1)
DA:1,0
DA:2,0
DA:3,0
DA:4,0
DA:5,0
DA:7,0
DA:8,0
DA:10,0
DA:11,0
DA:12,0
DA:13,0
DA:15,0
DA:23,0
DA:31,0
DA:32,0
DA:33,0
DA:35,0
DA:44,0
DA:46,0
DA:52,0
DA:53,0
DA:62,0
LF:22
LH:0
BRDA:7,0,0,0
BRDA:7,0,1,0
BRDA:8,1,0,0
BRDA:8,1,1,0
BRDA:12,2,0,0
BRDA:12,2,1,0
BRF:6
BRH:0
end_of_record
TN:
SF:src\routes\shipments.v2.js
FN:12,(anonymous_0)
FN:39,(anonymous_1)
FN:107,(anonymous_2)
FN:171,(anonymous_3)
FNF:4
FNH:0
FNDA:0,(anonymous_0)
FNDA:0,(anonymous_1)
FNDA:0,(anonymous_2)
FNDA:0,(anonymous_3)
DA:1,0
DA:2,0
DA:3,0
DA:4,0
DA:5,0
DA:6,0
DA:8,0
DA:9,0
DA:12,0
DA:13,0
DA:14,0
DA:15,0
DA:20,0
DA:30,0
DA:40,0
DA:41,0
DA:43,0
DA:46,0
DA:56,0
DA:58,0
DA:72,0
DA:75,0
DA:76,0
DA:81,0
DA:82,0
DA:88,0
DA:103,0
DA:108,0
DA:109,0
DA:111,0
DA:114,0
DA:121,0
DA:122,0
DA:124,0
DA:125,0
DA:131,0
DA:133,0
DA:139,0
DA:141,0
DA:142,0
DA:148,0
DA:163,0
DA:172,0
DA:173,0
DA:174,0
DA:176,0
DA:179,0
DA:188,0
DA:190,0
DA:202,0
DA:205,0
DA:206,0
DA:211,0
DA:212,0
DA:218,0
DA:226,0
LF:56
LH:0
BRDA:8,0,0,0
BRDA:8,0,1,0
BRDA:9,1,0,0
BRDA:9,1,1,0
BRDA:14,2,0,0
BRDA:14,2,1,0
BRDA:75,3,0,0
BRDA:75,3,1,0
BRDA:81,4,0,0
BRDA:81,4,1,0
BRDA:121,5,0,0
BRDA:121,5,1,0
BRDA:122,6,0,0
BRDA:122,6,1,0
BRDA:122,7,0,0
BRDA:122,7,1,0
BRDA:124,8,0,0
BRDA:124,8,1,0
BRDA:141,9,0,0
BRDA:141,9,1,0
BRDA:205,10,0,0
BRDA:205,10,1,0
BRDA:211,11,0,0
BRDA:211,11,1,0
BRF:24
BRH:0
end_of_record
TN:
SF:src\routes\signatures.js
FN:16,(anonymous_0)
FN:94,generateSignatureViaPowerShell
FN:95,(anonymous_2)
FN:107,(anonymous_3)
FN:111,(anonymous_4)
FN:115,(anonymous_5)
FN:130,(anonymous_6)
FN:142,(anonymous_7)
FNF:8
FNH:0
FNDA:0,(anonymous_0)
FNDA:0,generateSignatureViaPowerShell
FNDA:0,(anonymous_2)
FNDA:0,(anonymous_3)
FNDA:0,(anonymous_4)
FNDA:0,(anonymous_5)
FNDA:0,(anonymous_6)
FNDA:0,(anonymous_7)
DA:6,0
DA:7,0
DA:8,0
DA:9,0
DA:16,0
DA:17,0
DA:18,0
DA:19,0
DA:22,0
DA:23,0
DA:29,0
DA:30,0
DA:37,0
DA:38,0
DA:39,0
DA:46,0
DA:47,0
DA:55,0
DA:56,0
DA:63,0
DA:66,0
DA:68,0
DA:70,0
DA:83,0
DA:84,0
DA:95,0
DA:97,0
DA:104,0
DA:105,0
DA:107,0
DA:108,0
DA:111,0
DA:112,0
DA:115,0
DA:116,0
DA:117,0
DA:121,0
DA:122,0
DA:123,0
DA:126,0
DA:130,0
DA:131,0
DA:132,0
DA:142,0
DA:143,0
DA:144,0
DA:146,0
DA:147,0
DA:154,0
DA:155,0
DA:157,0
DA:168,0
DA:169,0
DA:176,0
LF:54
LH:0
BRDA:22,0,0,0
BRDA:22,0,1,0
BRDA:29,1,0,0
BRDA:29,1,1,0
BRDA:38,2,0,0
BRDA:38,2,1,0
BRDA:55,3,0,0
BRDA:55,3,1,0
BRDA:55,4,0,0
BRDA:55,4,1,0
BRDA:63,5,0,0
BRDA:63,5,1,0
BRDA:77,6,0,0
BRDA:77,6,1,0
BRDA:86,7,0,0
BRDA:86,7,1,0
BRDA:116,8,0,0
BRDA:116,8,1,0
BRDA:122,9,0,0
BRDA:122,9,1,0
BRDA:146,10,0,0
BRDA:146,10,1,0
BRDA:163,11,0,0
BRDA:163,11,1,0
BRDA:171,12,0,0
BRDA:171,12,1,0
BRF:26
BRH:0
end_of_record
TN:
SF:src\utils\database.js
FN:15,(anonymous_0)
FN:19,(anonymous_1)
FN:32,(anonymous_2)
FN:38,(anonymous_3)
FN:43,(anonymous_4)
FN:48,(anonymous_5)
FNF:6
FNH:0
FNDA:0,(anonymous_0)
FNDA:0,(anonymous_1)
FNDA:0,(anonymous_2)
FNDA:0,(anonymous_3)
FNDA:0,(anonymous_4)
FNDA:0,(anonymous_5)
DA:1,1
DA:2,1
DA:4,1
DA:15,1
DA:16,0
DA:19,1
DA:20,0
DA:21,0
DA:22,0
DA:23,0
DA:24,0
DA:25,0
DA:27,0
DA:28,0
DA:32,1
DA:33,0
DA:34,0
DA:35,0
DA:38,0
DA:39,0
DA:43,0
DA:44,0
DA:45,0
DA:48,0
DA:49,0
DA:50,0
DA:51,0
DA:52,0
DA:55,0
DA:58,1
LF:30
LH:7
BRDA:5,0,0,1
BRDA:5,0,1,1
BRDA:6,1,0,1
BRDA:6,1,1,1
BRDA:7,2,0,1
BRDA:7,2,1,1
BRDA:8,3,0,1
BRDA:8,3,1,1
BRDA:9,4,0,1
BRDA:9,4,1,1
BRF:10
BRH:10
end_of_record
TN:
SF:src\utils\fabricClient.js
FN:8,(anonymous_0)
FN:15,(anonymous_1)
FN:46,(anonymous_2)
FN:90,(anonymous_3)
FN:108,(anonymous_4)
FN:115,(anonymous_5)
FN:125,(anonymous_6)
FN:147,(anonymous_7)
FN:183,(anonymous_8)
FN:215,(anonymous_9)
FNF:10
FNH:0
FNDA:0,(anonymous_0)
FNDA:0,(anonymous_1)
FNDA:0,(anonymous_2)
FNDA:0,(anonymous_3)
FNDA:0,(anonymous_4)
FNDA:0,(anonymous_5)
FNDA:0,(anonymous_6)
FNDA:0,(anonymous_7)
FNDA:0,(anonymous_8)
FNDA:0,(anonymous_9)
DA:1,0
DA:2,0
DA:3,0
DA:4,0
DA:5,0
DA:9,0
DA:10,0
DA:11,0
DA:12,0
DA:16,0
DA:18,0
DA:19,0
DA:21,0
DA:23,0
DA:26,0
DA:28,0
DA:29,0
DA:32,0
DA:35,0
DA:36,0
DA:37,0
DA:39,0
DA:41,0
DA:42,0
DA:47,0
DA:48,0
DA:49,0
DA:53,0
DA:54,0
DA:55,0
DA:59,0
DA:62,0
DA:66,0
DA:67,0
DA:69,0
DA:78,0
DA:79,0
DA:80,0
DA:82,0
DA:83,0
DA:91,0
DA:92,0
DA:95,0
DA:97,0
DA:98,0
DA:99,0
DA:101,0
DA:103,0
DA:104,0
DA:109,0
DA:110,0
DA:111,0
DA:116,0
DA:117,0
DA:120,0
DA:121,0
DA:122,0
DA:126,0
DA:128,0
DA:129,0
DA:132,0
DA:133,0
DA:136,0
DA:137,0
DA:139,0
DA:140,0
DA:142,0
DA:143,0
DA:148,0
DA:149,0
DA:150,0
DA:151,0
DA:154,0
DA:155,0
DA:158,0
DA:159,0
DA:160,0
DA:163,0
DA:164,0
DA:166,0
DA:167,0
DA:169,0
DA:170,0
DA:172,0
DA:173,0
DA:179,0
DA:184,0
DA:186,0
DA:187,0
DA:188,0
DA:189,0
DA:193,0
DA:198,0
DA:207,0
DA:208,0
DA:210,0
DA:211,0
DA:216,0
DA:218,0
DA:219,0
DA:220,0
DA:221,0
DA:225,0
DA:226,0
DA:227,0
DA:231,0
DA:232,0
DA:235,0
DA:242,0
DA:247,0
DA:256,0
DA:257,0
DA:259,0
DA:260,0
DA:265,0
LF:115
LH:0
BRDA:19,0,0,0
BRDA:19,0,1,0
BRDA:28,1,0,0
BRDA:28,1,1,0
BRDA:35,2,0,0
BRDA:35,2,1,0
BRDA:46,3,0,0
BRDA:48,4,0,0
BRDA:48,4,1,0
BRDA:54,5,0,0
BRDA:54,5,1,0
BRDA:62,6,0,0
BRDA:62,6,1,0
BRDA:91,7,0,0
BRDA:91,7,1,0
BRDA:91,8,0,0
BRDA:91,8,1,0
BRDA:98,9,0,0
BRDA:98,9,1,0
BRDA:109,10,0,0
BRDA:109,10,1,0
BRDA:116,11,0,0
BRDA:116,11,1,0
BRDA:129,12,0,0
BRDA:129,12,1,0
BRDA:129,13,0,0
BRDA:129,13,1,0
BRDA:129,13,2,0
BRDA:132,14,0,0
BRDA:132,14,1,0
BRDA:132,15,0,0
BRDA:132,15,1,0
BRDA:155,16,0,0
BRDA:155,16,1,0
BRDA:155,17,0,0
BRDA:155,17,1,0
BRDA:155,17,2,0
BRDA:158,18,0,0
BRDA:158,18,1,0
BRDA:158,19,0,0
BRDA:158,19,1,0
BRDA:169,20,0,0
BRDA:169,20,1,0
BRDA:183,21,0,0
BRDA:183,22,0,0
BRDA:187,23,0,0
BRDA:187,23,1,0
BRDA:219,24,0,0
BRDA:219,24,1,0
BRDA:226,25,0,0
BRDA:226,25,1,0
BRF:51
BRH:0
end_of_record
TN:
SF:src\utils\logger.js
FNF:0
FNH:0
DA:1,1
DA:3,1
DA:19,1
DA:20,1
DA:28,1
LF:5
LH:5
BRDA:4,0,0,1
BRDA:4,0,1,1
BRDA:19,1,0,1
BRDA:19,1,1,0
BRF:4
BRH:3
end_of_record
TN:
SF:src\utils\signatureHelper.js
FN:17,generateSignature
FN:18,(anonymous_1)
FN:49,(anonymous_2)
FN:53,(anonymous_3)
FN:57,(anonymous_4)
FN:77,(anonymous_5)
FN:88,generateHandoverRequestSignature
FN:97,generateHandoverAcceptSignature
FN:106,generateHandoverRejectSignature
FNF:9
FNH:0
FNDA:0,generateSignature
FNDA:0,(anonymous_1)
FNDA:0,(anonymous_2)
FNDA:0,(anonymous_3)
FNDA:0,(anonymous_4)
FNDA:0,(anonymous_5)
FNDA:0,generateHandoverRequestSignature
FNDA:0,generateHandoverAcceptSignature
FNDA:0,generateHandoverRejectSignature
DA:6,0
DA:7,0
DA:8,0
DA:18,0
DA:20,0
DA:27,0
DA:28,0
DA:29,0
DA:34,0
DA:39,0
DA:41,0
DA:44,0
DA:46,0
DA:47,0
DA:49,0
DA:50,0
DA:53,0
DA:54,0
DA:57,0
DA:58,0
DA:59,0
DA:60,0
DA:63,0
DA:66,0
DA:67,0
DA:68,0
DA:69,0
DA:72,0
DA:73,0
DA:77,0
DA:78,0
DA:79,0
DA:89,0
DA:90,0
DA:98,0
DA:99,0
DA:107,0
DA:108,0
DA:111,0
LF:39
LH:0
BRDA:28,0,0,0
BRDA:28,0,1,0
BRDA:58,1,0,0
BRDA:58,1,1,0
BRDA:66,2,0,0
BRDA:66,2,1,0
BRF:6
BRH:0
end_of_record
